[debug] [2025-03-24T21:37:52.712Z] ----------------------------------------------------------------------
[debug] [2025-03-24T21:37:52.713Z] Command:       /opt/homebrew/Cellar/node/23.10.0_1/bin/node /opt/homebrew/bin/firebase deploy --only functions
[debug] [2025-03-24T21:37:52.714Z] CLI Version:   13.35.1
[debug] [2025-03-24T21:37:52.714Z] Platform:      darwin
[debug] [2025-03-24T21:37:52.714Z] Node Version:  v23.10.0
[debug] [2025-03-24T21:37:52.714Z] Time:          Mon Mar 24 2025 22:37:52 GMT+0100 (Central European Standard Time)
[debug] [2025-03-24T21:37:52.714Z] ----------------------------------------------------------------------
[debug] 
[debug] [2025-03-24T21:37:52.785Z] > command requires scopes: ["email","openid","https://www.googleapis.com/auth/cloudplatformprojects.readonly","https://www.googleapis.com/auth/firebase","https://www.googleapis.com/auth/cloud-platform"]
[debug] [2025-03-24T21:37:52.785Z] > authorizing via signed-in user (webpostup@gmail.com)
[debug] [2025-03-24T21:37:52.785Z] [iam] checking project core-app-423c7 for permissions ["cloudfunctions.functions.create","cloudfunctions.functions.delete","cloudfunctions.functions.get","cloudfunctions.functions.list","cloudfunctions.functions.update","cloudfunctions.operations.get","firebase.projects.get"]
[debug] [2025-03-24T21:37:52.786Z] Checked if tokens are valid: true, expires at: 1742855722796
[debug] [2025-03-24T21:37:52.786Z] Checked if tokens are valid: true, expires at: 1742855722796
[debug] [2025-03-24T21:37:52.786Z] >>> [apiv2][query] POST https://cloudresourcemanager.googleapis.com/v1/projects/core-app-423c7:testIamPermissions [none]
[debug] [2025-03-24T21:37:52.786Z] >>> [apiv2][(partial)header] POST https://cloudresourcemanager.googleapis.com/v1/projects/core-app-423c7:testIamPermissions x-goog-quota-user=projects/core-app-423c7
[debug] [2025-03-24T21:37:52.786Z] >>> [apiv2][body] POST https://cloudresourcemanager.googleapis.com/v1/projects/core-app-423c7:testIamPermissions {"permissions":["cloudfunctions.functions.create","cloudfunctions.functions.delete","cloudfunctions.functions.get","cloudfunctions.functions.list","cloudfunctions.functions.update","cloudfunctions.operations.get","firebase.projects.get"]}
[debug] [2025-03-24T21:37:54.209Z] <<< [apiv2][status] POST https://cloudresourcemanager.googleapis.com/v1/projects/core-app-423c7:testIamPermissions 200
[debug] [2025-03-24T21:37:54.209Z] <<< [apiv2][body] POST https://cloudresourcemanager.googleapis.com/v1/projects/core-app-423c7:testIamPermissions {"permissions":["cloudfunctions.functions.create","cloudfunctions.functions.delete","cloudfunctions.functions.get","cloudfunctions.functions.list","cloudfunctions.functions.update","cloudfunctions.operations.get","firebase.projects.get"]}
[debug] [2025-03-24T21:37:54.210Z] Checked if tokens are valid: true, expires at: 1742855722796
[debug] [2025-03-24T21:37:54.210Z] Checked if tokens are valid: true, expires at: 1742855722796
[debug] [2025-03-24T21:37:54.210Z] >>> [apiv2][query] POST https://iam.googleapis.com/v1/projects/core-app-423c7/serviceAccounts/core-app-423c7@appspot.gserviceaccount.com:testIamPermissions [none]
[debug] [2025-03-24T21:37:54.210Z] >>> [apiv2][body] POST https://iam.googleapis.com/v1/projects/core-app-423c7/serviceAccounts/core-app-423c7@appspot.gserviceaccount.com:testIamPermissions {"permissions":["iam.serviceAccounts.actAs"]}
[debug] [2025-03-24T21:37:55.301Z] <<< [apiv2][status] POST https://iam.googleapis.com/v1/projects/core-app-423c7/serviceAccounts/core-app-423c7@appspot.gserviceaccount.com:testIamPermissions 200
[debug] [2025-03-24T21:37:55.301Z] <<< [apiv2][body] POST https://iam.googleapis.com/v1/projects/core-app-423c7/serviceAccounts/core-app-423c7@appspot.gserviceaccount.com:testIamPermissions {"permissions":["iam.serviceAccounts.actAs"]}
[info] 
[info] === Deploying to 'core-app-423c7'...
[info] 
[info] i  deploying functions 
[info] Running command: npm --prefix "$RESOURCE_DIR" run build
[info] ✔  functions: Finished running predeploy script. 
[debug] [2025-03-24T21:37:57.770Z] Checked if tokens are valid: true, expires at: 1742855722796
[debug] [2025-03-24T21:37:57.770Z] Checked if tokens are valid: true, expires at: 1742855722796
[debug] [2025-03-24T21:37:57.770Z] >>> [apiv2][query] GET https://cloudresourcemanager.googleapis.com/v1/projects/core-app-423c7 [none]
[debug] [2025-03-24T21:37:58.043Z] <<< [apiv2][status] GET https://cloudresourcemanager.googleapis.com/v1/projects/core-app-423c7 200
[debug] [2025-03-24T21:37:58.043Z] <<< [apiv2][body] GET https://cloudresourcemanager.googleapis.com/v1/projects/core-app-423c7 {"projectNumber":"869167769685","projectId":"core-app-423c7","lifecycleState":"ACTIVE","name":"core-app","labels":{"firebase":"enabled","firebase-core":"disabled"},"createTime":"2025-03-23T09:54:58.346881Z"}
[info] i  functions: preparing codebase default for deployment 
[info] i  functions: ensuring required API cloudfunctions.googleapis.com is enabled... 
[debug] [2025-03-24T21:37:58.044Z] Checked if tokens are valid: true, expires at: 1742855722796
[debug] [2025-03-24T21:37:58.045Z] Checked if tokens are valid: true, expires at: 1742855722796
[debug] [2025-03-24T21:37:58.045Z] Checked if tokens are valid: true, expires at: 1742855722796
[debug] [2025-03-24T21:37:58.045Z] Checked if tokens are valid: true, expires at: 1742855722796
[info] i  functions: ensuring required API cloudbuild.googleapis.com is enabled... 
[debug] [2025-03-24T21:37:58.045Z] Checked if tokens are valid: true, expires at: 1742855722796
[debug] [2025-03-24T21:37:58.045Z] Checked if tokens are valid: true, expires at: 1742855722796
[info] i  artifactregistry: ensuring required API artifactregistry.googleapis.com is enabled... 
[debug] [2025-03-24T21:37:58.045Z] Checked if tokens are valid: true, expires at: 1742855722796
[debug] [2025-03-24T21:37:58.045Z] Checked if tokens are valid: true, expires at: 1742855722796
[debug] [2025-03-24T21:37:58.045Z] >>> [apiv2][query] GET https://serviceusage.googleapis.com/v1/projects/core-app-423c7/services/cloudfunctions.googleapis.com [none]
[debug] [2025-03-24T21:37:58.045Z] >>> [apiv2][(partial)header] GET https://serviceusage.googleapis.com/v1/projects/core-app-423c7/services/cloudfunctions.googleapis.com x-goog-quota-user=projects/core-app-423c7
[debug] [2025-03-24T21:37:58.047Z] >>> [apiv2][query] GET https://serviceusage.googleapis.com/v1/projects/core-app-423c7/services/runtimeconfig.googleapis.com [none]
[debug] [2025-03-24T21:37:58.047Z] >>> [apiv2][(partial)header] GET https://serviceusage.googleapis.com/v1/projects/core-app-423c7/services/runtimeconfig.googleapis.com x-goog-quota-user=projects/core-app-423c7
[debug] [2025-03-24T21:37:58.048Z] >>> [apiv2][query] GET https://serviceusage.googleapis.com/v1/projects/core-app-423c7/services/cloudbuild.googleapis.com [none]
[debug] [2025-03-24T21:37:58.048Z] >>> [apiv2][(partial)header] GET https://serviceusage.googleapis.com/v1/projects/core-app-423c7/services/cloudbuild.googleapis.com x-goog-quota-user=projects/core-app-423c7
[debug] [2025-03-24T21:37:58.049Z] >>> [apiv2][query] GET https://serviceusage.googleapis.com/v1/projects/core-app-423c7/services/artifactregistry.googleapis.com [none]
[debug] [2025-03-24T21:37:58.049Z] >>> [apiv2][(partial)header] GET https://serviceusage.googleapis.com/v1/projects/core-app-423c7/services/artifactregistry.googleapis.com x-goog-quota-user=projects/core-app-423c7
[debug] [2025-03-24T21:37:59.250Z] <<< [apiv2][status] GET https://serviceusage.googleapis.com/v1/projects/core-app-423c7/services/cloudbuild.googleapis.com 200
[debug] [2025-03-24T21:37:59.251Z] <<< [apiv2][body] GET https://serviceusage.googleapis.com/v1/projects/core-app-423c7/services/cloudbuild.googleapis.com [omitted]
[info] ✔  functions: required API cloudbuild.googleapis.com is enabled 
[debug] [2025-03-24T21:37:59.252Z] <<< [apiv2][status] GET https://serviceusage.googleapis.com/v1/projects/core-app-423c7/services/cloudfunctions.googleapis.com 200
[debug] [2025-03-24T21:37:59.252Z] <<< [apiv2][body] GET https://serviceusage.googleapis.com/v1/projects/core-app-423c7/services/cloudfunctions.googleapis.com [omitted]
[info] ✔  functions: required API cloudfunctions.googleapis.com is enabled 
[debug] [2025-03-24T21:37:59.253Z] <<< [apiv2][status] GET https://serviceusage.googleapis.com/v1/projects/core-app-423c7/services/artifactregistry.googleapis.com 200
[debug] [2025-03-24T21:37:59.253Z] <<< [apiv2][body] GET https://serviceusage.googleapis.com/v1/projects/core-app-423c7/services/artifactregistry.googleapis.com [omitted]
[info] ✔  artifactregistry: required API artifactregistry.googleapis.com is enabled 
[debug] [2025-03-24T21:37:59.296Z] <<< [apiv2][status] GET https://serviceusage.googleapis.com/v1/projects/core-app-423c7/services/runtimeconfig.googleapis.com 200
[debug] [2025-03-24T21:37:59.296Z] <<< [apiv2][body] GET https://serviceusage.googleapis.com/v1/projects/core-app-423c7/services/runtimeconfig.googleapis.com [omitted]
[debug] [2025-03-24T21:37:59.297Z] Checked if tokens are valid: true, expires at: 1742855722796
[debug] [2025-03-24T21:37:59.297Z] Checked if tokens are valid: true, expires at: 1742855722796
[debug] [2025-03-24T21:37:59.297Z] >>> [apiv2][query] GET https://firebase.googleapis.com/v1beta1/projects/core-app-423c7/adminSdkConfig [none]
[debug] [2025-03-24T21:37:59.849Z] <<< [apiv2][status] GET https://firebase.googleapis.com/v1beta1/projects/core-app-423c7/adminSdkConfig 200
[debug] [2025-03-24T21:37:59.849Z] <<< [apiv2][body] GET https://firebase.googleapis.com/v1beta1/projects/core-app-423c7/adminSdkConfig {"projectId":"core-app-423c7","storageBucket":"core-app-423c7.firebasestorage.app"}
[debug] [2025-03-24T21:37:59.849Z] Checked if tokens are valid: true, expires at: 1742855722796
[debug] [2025-03-24T21:37:59.849Z] Checked if tokens are valid: true, expires at: 1742855722796
[debug] [2025-03-24T21:37:59.850Z] >>> [apiv2][query] GET https://runtimeconfig.googleapis.com/v1beta1/projects/core-app-423c7/configs [none]
[debug] [2025-03-24T21:38:00.530Z] <<< [apiv2][status] GET https://runtimeconfig.googleapis.com/v1beta1/projects/core-app-423c7/configs 200
[debug] [2025-03-24T21:38:00.530Z] <<< [apiv2][body] GET https://runtimeconfig.googleapis.com/v1beta1/projects/core-app-423c7/configs {"configs":[{"name":"projects/core-app-423c7/configs/email"}]}
[debug] [2025-03-24T21:38:00.531Z] Checked if tokens are valid: true, expires at: 1742855722796
[debug] [2025-03-24T21:38:00.531Z] Checked if tokens are valid: true, expires at: 1742855722796
[debug] [2025-03-24T21:38:00.531Z] >>> [apiv2][query] GET https://runtimeconfig.googleapis.com/v1beta1/projects/core-app-423c7/configs/email/variables [none]
[debug] [2025-03-24T21:38:00.872Z] <<< [apiv2][status] GET https://runtimeconfig.googleapis.com/v1beta1/projects/core-app-423c7/configs/email/variables 200
[debug] [2025-03-24T21:38:00.872Z] <<< [apiv2][body] GET https://runtimeconfig.googleapis.com/v1beta1/projects/core-app-423c7/configs/email/variables {"variables":[{"name":"projects/core-app-423c7/configs/email/variables/password","updateTime":"2025-03-23T19:18:53.997899644Z"},{"name":"projects/core-app-423c7/configs/email/variables/user","updateTime":"2025-03-23T19:18:54.014339774Z"}]}
[debug] [2025-03-24T21:38:00.873Z] Checked if tokens are valid: true, expires at: 1742855722796
[debug] [2025-03-24T21:38:00.873Z] Checked if tokens are valid: true, expires at: 1742855722796
[debug] [2025-03-24T21:38:00.873Z] Checked if tokens are valid: true, expires at: 1742855722796
[debug] [2025-03-24T21:38:00.873Z] Checked if tokens are valid: true, expires at: 1742855722796
[debug] [2025-03-24T21:38:00.873Z] >>> [apiv2][query] GET https://runtimeconfig.googleapis.com/v1beta1/projects/core-app-423c7/configs/email/variables/password [none]
[debug] [2025-03-24T21:38:00.873Z] >>> [apiv2][query] GET https://runtimeconfig.googleapis.com/v1beta1/projects/core-app-423c7/configs/email/variables/user [none]
[debug] [2025-03-24T21:38:01.243Z] <<< [apiv2][status] GET https://runtimeconfig.googleapis.com/v1beta1/projects/core-app-423c7/configs/email/variables/password 200
[debug] [2025-03-24T21:38:01.243Z] <<< [apiv2][body] GET https://runtimeconfig.googleapis.com/v1beta1/projects/core-app-423c7/configs/email/variables/password {"name":"projects/core-app-423c7/configs/email/variables/password","updateTime":"2025-03-23T19:18:53.997899644Z","text":"your-app-specific-password"}
[debug] [2025-03-24T21:38:01.283Z] <<< [apiv2][status] GET https://runtimeconfig.googleapis.com/v1beta1/projects/core-app-423c7/configs/email/variables/user 200
[debug] [2025-03-24T21:38:01.283Z] <<< [apiv2][body] GET https://runtimeconfig.googleapis.com/v1beta1/projects/core-app-423c7/configs/email/variables/user {"name":"projects/core-app-423c7/configs/email/variables/user","updateTime":"2025-03-23T19:18:54.014339774Z","text":"core.transport.app@gmail.com"}
[debug] [2025-03-24T21:38:01.285Z] Validating nodejs source
[debug] [2025-03-24T21:38:01.838Z] > [functions] package.json contents: {
  "name": "functions",
  "scripts": {
    "build": "tsc",
    "build:watch": "tsc --watch",
    "serve": "npm run build && firebase emulators:start --only functions",
    "shell": "npm run build && firebase functions:shell",
    "start": "npm run shell",
    "deploy": "firebase deploy --only functions",
    "logs": "firebase functions:log"
  },
  "engines": {
    "node": "20"
  },
  "main": "lib/index.js",
  "dependencies": {
    "@mui/x-date-pickers": "^7.28.0",
    "@types/cors": "^2.8.17",
    "cors": "^2.8.5",
    "date-fns": "^4.1.0",
    "firebase-admin": "^11.11.1",
    "firebase-functions": "^6.3.2",
    "nodemailer": "^6.9.9"
  },
  "devDependencies": {
    "@types/nodemailer": "^6.4.17",
    "typescript": "^5.3.3"
  },
  "private": true
}
[debug] [2025-03-24T21:38:01.838Z] Building nodejs source
[info] i  functions: Loading and analyzing source code for codebase default to determine what to deploy 
[debug] [2025-03-24T21:38:01.838Z] Could not find functions.yaml. Must use http discovery
[debug] [2025-03-24T21:38:01.843Z] Found firebase-functions binary at '/Users/macbookm3pro/Documents/GitHub/core/transport-platform/functions/node_modules/.bin/firebase-functions'
[info] Serving at port 8609

[debug] [2025-03-24T21:38:02.421Z] Got response from /__/functions.yaml {"endpoints":{"clearDatabase":{"platform":"gcfv1","labels":{},"availableMemoryMb":null,"timeoutSeconds":null,"minInstances":null,"maxInstances":null,"ingressSettings":null,"serviceAccountEmail":null,"vpc":null,"region":["europe-west1"],"callableTrigger":{},"entryPoint":"clearDatabase"},"sendInvitationEmail":{"platform":"gcfv1","labels":{},"availableMemoryMb":null,"timeoutSeconds":null,"minInstances":null,"maxInstances":null,"ingressSettings":null,"serviceAccountEmail":null,"vpc":null,"region":["europe-west1"],"callableTrigger":{},"entryPoint":"sendInvitationEmail"},"checkBusinessCaseReminders":{"platform":"gcfv1","availableMemoryMb":null,"timeoutSeconds":null,"minInstances":null,"maxInstances":null,"ingressSettings":null,"serviceAccountEmail":null,"vpc":null,"region":["europe-west1"],"scheduleTrigger":{"schedule":"every 1 minutes","retryConfig":{"retryCount":null,"maxDoublings":null,"maxRetryDuration":null,"maxBackoffDuration":null,"minBackoffDuration":null},"timeZone":"Europe/Bratislava"},"labels":{},"entryPoint":"checkBusinessCaseReminders"},"checkTransportNotifications":{"platform":"gcfv1","availableMemoryMb":null,"timeoutSeconds":null,"minInstances":null,"maxInstances":null,"ingressSettings":null,"serviceAccountEmail":null,"vpc":null,"region":["europe-west1"],"scheduleTrigger":{"schedule":"every 1 minutes","retryConfig":{"retryCount":null,"maxDoublings":null,"maxRetryDuration":null,"maxBackoffDuration":null,"minBackoffDuration":null},"timeZone":"Europe/Bratislava"},"labels":{},"entryPoint":"checkTransportNotifications"},"logFunctionMetrics":{"platform":"gcfv1","availableMemoryMb":null,"timeoutSeconds":null,"minInstances":null,"maxInstances":null,"ingressSettings":null,"serviceAccountEmail":null,"vpc":null,"region":["europe-west1"],"scheduleTrigger":{"schedule":"every 1 hours","retryConfig":{"retryCount":null,"maxDoublings":null,"maxRetryDuration":null,"maxBackoffDuration":null,"minBackoffDuration":null},"timeZone":"Europe/Bratislava"},"labels":{},"entryPoint":"logFunctionMetrics"},"updateExistingRecords":{"platform":"gcfv1","labels":{},"availableMemoryMb":null,"timeoutSeconds":null,"minInstances":null,"maxInstances":null,"ingressSettings":null,"serviceAccountEmail":null,"vpc":null,"region":["europe-west1"],"callableTrigger":{},"entryPoint":"updateExistingRecords"}},"specVersion":"v1alpha1","requiredAPIs":[{"api":"cloudscheduler.googleapis.com","reason":"Needed for scheduled functions."}],"extensions":{}}
[info] i  extensions: ensuring required API firebaseextensions.googleapis.com is enabled... 
[debug] [2025-03-24T21:38:06.439Z] Checked if tokens are valid: true, expires at: 1742855722796
[debug] [2025-03-24T21:38:06.439Z] Checked if tokens are valid: true, expires at: 1742855722796
[debug] [2025-03-24T21:38:06.439Z] >>> [apiv2][query] GET https://serviceusage.googleapis.com/v1/projects/core-app-423c7/services/firebaseextensions.googleapis.com [none]
[debug] [2025-03-24T21:38:06.439Z] >>> [apiv2][(partial)header] GET https://serviceusage.googleapis.com/v1/projects/core-app-423c7/services/firebaseextensions.googleapis.com x-goog-quota-user=projects/core-app-423c7
[debug] [2025-03-24T21:38:07.551Z] <<< [apiv2][status] GET https://serviceusage.googleapis.com/v1/projects/core-app-423c7/services/firebaseextensions.googleapis.com 200
[debug] [2025-03-24T21:38:07.551Z] <<< [apiv2][body] GET https://serviceusage.googleapis.com/v1/projects/core-app-423c7/services/firebaseextensions.googleapis.com [omitted]
[info] ✔  extensions: required API firebaseextensions.googleapis.com is enabled 
[debug] [2025-03-24T21:38:07.551Z] > command requires scopes: ["email","openid","https://www.googleapis.com/auth/cloudplatformprojects.readonly","https://www.googleapis.com/auth/firebase","https://www.googleapis.com/auth/cloud-platform"]
[debug] [2025-03-24T21:38:07.551Z] > authorizing via signed-in user (webpostup@gmail.com)
[debug] [2025-03-24T21:38:07.551Z] [iam] checking project core-app-423c7 for permissions ["firebase.projects.get","firebaseextensions.instances.list"]
[debug] [2025-03-24T21:38:07.551Z] Checked if tokens are valid: true, expires at: 1742855722796
[debug] [2025-03-24T21:38:07.551Z] Checked if tokens are valid: true, expires at: 1742855722796
[debug] [2025-03-24T21:38:07.551Z] >>> [apiv2][query] POST https://cloudresourcemanager.googleapis.com/v1/projects/core-app-423c7:testIamPermissions [none]
[debug] [2025-03-24T21:38:07.551Z] >>> [apiv2][(partial)header] POST https://cloudresourcemanager.googleapis.com/v1/projects/core-app-423c7:testIamPermissions x-goog-quota-user=projects/core-app-423c7
[debug] [2025-03-24T21:38:07.551Z] >>> [apiv2][body] POST https://cloudresourcemanager.googleapis.com/v1/projects/core-app-423c7:testIamPermissions {"permissions":["firebase.projects.get","firebaseextensions.instances.list"]}
[debug] [2025-03-24T21:38:08.429Z] <<< [apiv2][status] POST https://cloudresourcemanager.googleapis.com/v1/projects/core-app-423c7:testIamPermissions 200
[debug] [2025-03-24T21:38:08.429Z] <<< [apiv2][body] POST https://cloudresourcemanager.googleapis.com/v1/projects/core-app-423c7:testIamPermissions {"permissions":["firebase.projects.get","firebaseextensions.instances.list"]}
[debug] [2025-03-24T21:38:08.430Z] Checked if tokens are valid: true, expires at: 1742855722796
[debug] [2025-03-24T21:38:08.430Z] Checked if tokens are valid: true, expires at: 1742855722796
[debug] [2025-03-24T21:38:08.430Z] >>> [apiv2][query] GET https://firebaseextensions.googleapis.com/v1beta/projects/core-app-423c7/instances pageSize=100&pageToken=
[debug] [2025-03-24T21:38:09.739Z] <<< [apiv2][status] GET https://firebaseextensions.googleapis.com/v1beta/projects/core-app-423c7/instances 200
[debug] [2025-03-24T21:38:09.739Z] <<< [apiv2][body] GET https://firebaseextensions.googleapis.com/v1beta/projects/core-app-423c7/instances {}
[info] i  functions: preparing functions directory for uploading... 
[info] i  functions: packaged /Users/macbookm3pro/Documents/GitHub/core/transport-platform/functions (50.24 KB) for uploading 
[debug] [2025-03-24T21:38:09.764Z] Checked if tokens are valid: true, expires at: 1742855722796
[debug] [2025-03-24T21:38:09.764Z] Checked if tokens are valid: true, expires at: 1742855722796
[debug] [2025-03-24T21:38:09.764Z] >>> [apiv2][query] GET https://cloudfunctions.googleapis.com/v1/projects/core-app-423c7/locations/-/functions [none]
[debug] [2025-03-24T21:38:10.832Z] <<< [apiv2][status] GET https://cloudfunctions.googleapis.com/v1/projects/core-app-423c7/locations/-/functions 200
[debug] [2025-03-24T21:38:10.833Z] <<< [apiv2][body] GET https://cloudfunctions.googleapis.com/v1/projects/core-app-423c7/locations/-/functions {"functions":[{"name":"projects/core-app-423c7/locations/europe-west1/functions/clearDatabase","httpsTrigger":{"url":"https://europe-west1-core-app-423c7.cloudfunctions.net/clearDatabase","securityLevel":"SECURE_ALWAYS"},"status":"ACTIVE","entryPoint":"clearDatabase","timeout":"60s","availableMemoryMb":256,"serviceAccountEmail":"core-app-423c7@appspot.gserviceaccount.com","updateTime":"2025-03-24T21:37:31.498Z","versionId":"5","labels":{"firebase-functions-hash":"d29dd41a7265e7ec238512c3da361a5eaf9dba56","deployment-tool":"cli-firebase","deployment-callable":"true"},"sourceUploadUrl":"https://storage.googleapis.com/uploads-176395417328.europe-west1.cloudfunctions.appspot.com/a4c8b293-60e7-4be4-9c9a-f85e6dd619c7.zip","environmentVariables":{"FIREBASE_CONFIG":"{\"projectId\":\"core-app-423c7\",\"storageBucket\":\"core-app-423c7.firebasestorage.app\"}","GCLOUD_PROJECT":"core-app-423c7","EVENTARC_CLOUD_EVENT_SOURCE":"projects/core-app-423c7/locations/europe-west1/functions/clearDatabase"},"runtime":"nodejs20","ingressSettings":"ALLOW_ALL","buildId":"1d09bbe2-2716-42fd-820d-974fa245a357","buildEnvironmentVariables":{"GOOGLE_NODE_RUN_SCRIPTS":""},"buildName":"projects/869167769685/locations/europe-west1/builds/1d09bbe2-2716-42fd-820d-974fa245a357","dockerRegistry":"ARTIFACT_REGISTRY","automaticUpdatePolicy":{},"buildServiceAccount":"projects/core-app-423c7/serviceAccounts/869167769685-compute@developer.gserviceaccount.com"},{"name":"projects/core-app-423c7/locations/europe-west1/functions/sendInvitationEmail","httpsTrigger":{"url":"https://europe-west1-core-app-423c7.cloudfunctions.net/sendInvitationEmail","securityLevel":"SECURE_ALWAYS"},"status":"ACTIVE","entryPoint":"sendInvitationEmail","timeout":"60s","availableMemoryMb":256,"serviceAccountEmail":"core-app-423c7@appspot.gserviceaccount.com","updateTime":"2025-03-24T21:37:38.848Z","versionId":"5","labels":{"firebase-functions-hash":"d29dd41a7265e7ec238512c3da361a5eaf9dba56","deployment-tool":"cli-firebase","deployment-callable":"true"},"sourceUploadUrl":"https://storage.googleapis.com/uploads-176395417328.europe-west1.cloudfunctions.appspot.com/a4c8b293-60e7-4be4-9c9a-f85e6dd619c7.zip","environmentVariables":{"FIREBASE_CONFIG":"{\"projectId\":\"core-app-423c7\",\"storageBucket\":\"core-app-423c7.firebasestorage.app\"}","GCLOUD_PROJECT":"core-app-423c7","EVENTARC_CLOUD_EVENT_SOURCE":"projects/core-app-423c7/locations/europe-west1/functions/sendInvitationEmail"},"runtime":"nodejs20","ingressSettings":"ALLOW_ALL","buildId":"1d09bbe2-2716-42fd-820d-974fa245a357","buildEnvironmentVariables":{"GOOGLE_NODE_RUN_SCRIPTS":""},"buildName":"projects/869167769685/locations/europe-west1/builds/1d09bbe2-2716-42fd-820d-974fa245a357","dockerRegistry":"ARTIFACT_REGISTRY","automaticUpdatePolicy":{},"buildServiceAccount":"projects/core-app-423c7/serviceAccounts/869167769685-compute@developer.gserviceaccount.com"},{"name":"projects/core-app-423c7/locations/europe-west1/functions/updateExistingRecords","httpsTrigger":{"url":"https://europe-west1-core-app-423c7.cloudfunctions.net/updateExistingRecords","securityLevel":"SECURE_ALWAYS"},"status":"ACTIVE","entryPoint":"updateExistingRecords","timeout":"60s","availableMemoryMb":256,"serviceAccountEmail":"core-app-423c7@appspot.gserviceaccount.com","updateTime":"2025-03-24T21:37:30.950Z","versionId":"5","labels":{"deployment-tool":"cli-firebase","deployment-callable":"true","firebase-functions-hash":"d29dd41a7265e7ec238512c3da361a5eaf9dba56"},"sourceUploadUrl":"https://storage.googleapis.com/uploads-176395417328.europe-west1.cloudfunctions.appspot.com/a4c8b293-60e7-4be4-9c9a-f85e6dd619c7.zip","environmentVariables":{"FIREBASE_CONFIG":"{\"projectId\":\"core-app-423c7\",\"storageBucket\":\"core-app-423c7.firebasestorage.app\"}","GCLOUD_PROJECT":"core-app-423c7","EVENTARC_CLOUD_EVENT_SOURCE":"projects/core-app-423c7/locations/europe-west1/functions/updateExistingRecords"},"runtime":"nodejs20","ingressSettings":"ALLOW_ALL","buildId":"1d09bbe2-2716-42fd-820d-974fa245a357","buildEnvironmentVariables":{"GOOGLE_NODE_RUN_SCRIPTS":""},"buildName":"projects/869167769685/locations/europe-west1/builds/1d09bbe2-2716-42fd-820d-974fa245a357","dockerRegistry":"ARTIFACT_REGISTRY","automaticUpdatePolicy":{},"buildServiceAccount":"projects/core-app-423c7/serviceAccounts/869167769685-compute@developer.gserviceaccount.com"},{"name":"projects/core-app-423c7/locations/europe-west1/functions/checkBusinessCaseReminders","eventTrigger":{"eventType":"google.pubsub.topic.publish","resource":"projects/core-app-423c7/topics/firebase-schedule-checkBusinessCaseReminders-europe-west1","service":"pubsub.googleapis.com","failurePolicy":{}},"status":"ACTIVE","entryPoint":"checkBusinessCaseReminders","timeout":"60s","availableMemoryMb":256,"serviceAccountEmail":"core-app-423c7@appspot.gserviceaccount.com","updateTime":"2025-03-24T21:37:32.435Z","versionId":"9","labels":{"deployment-tool":"cli-firebase","deployment-scheduled":"true","firebase-functions-hash":"d29dd41a7265e7ec238512c3da361a5eaf9dba56"},"sourceUploadUrl":"https://storage.googleapis.com/uploads-176395417328.europe-west1.cloudfunctions.appspot.com/a4c8b293-60e7-4be4-9c9a-f85e6dd619c7.zip","environmentVariables":{"FIREBASE_CONFIG":"{\"projectId\":\"core-app-423c7\",\"storageBucket\":\"core-app-423c7.firebasestorage.app\"}","GCLOUD_PROJECT":"core-app-423c7","EVENTARC_CLOUD_EVENT_SOURCE":"projects/core-app-423c7/locations/europe-west1/functions/checkBusinessCaseReminders"},"runtime":"nodejs20","maxInstances":3000,"ingressSettings":"ALLOW_ALL","buildId":"1d09bbe2-2716-42fd-820d-974fa245a357","buildEnvironmentVariables":{"GOOGLE_NODE_RUN_SCRIPTS":""},"buildName":"projects/869167769685/locations/europe-west1/builds/1d09bbe2-2716-42fd-820d-974fa245a357","dockerRegistry":"ARTIFACT_REGISTRY","automaticUpdatePolicy":{},"buildServiceAccount":"projects/core-app-423c7/serviceAccounts/869167769685-compute@developer.gserviceaccount.com"},{"name":"projects/core-app-423c7/locations/europe-west1/functions/logFunctionMetrics","eventTrigger":{"eventType":"google.pubsub.topic.publish","resource":"projects/core-app-423c7/topics/firebase-schedule-logFunctionMetrics-europe-west1","service":"pubsub.googleapis.com","failurePolicy":{}},"status":"ACTIVE","entryPoint":"logFunctionMetrics","timeout":"60s","availableMemoryMb":256,"serviceAccountEmail":"core-app-423c7@appspot.gserviceaccount.com","updateTime":"2025-03-24T21:37:31.595Z","versionId":"9","labels":{"firebase-functions-hash":"d29dd41a7265e7ec238512c3da361a5eaf9dba56","deployment-tool":"cli-firebase","deployment-scheduled":"true"},"sourceUploadUrl":"https://storage.googleapis.com/uploads-176395417328.europe-west1.cloudfunctions.appspot.com/a4c8b293-60e7-4be4-9c9a-f85e6dd619c7.zip","environmentVariables":{"FIREBASE_CONFIG":"{\"projectId\":\"core-app-423c7\",\"storageBucket\":\"core-app-423c7.firebasestorage.app\"}","GCLOUD_PROJECT":"core-app-423c7","EVENTARC_CLOUD_EVENT_SOURCE":"projects/core-app-423c7/locations/europe-west1/functions/logFunctionMetrics"},"runtime":"nodejs20","maxInstances":3000,"ingressSettings":"ALLOW_ALL","buildId":"1d09bbe2-2716-42fd-820d-974fa245a357","buildEnvironmentVariables":{"GOOGLE_NODE_RUN_SCRIPTS":""},"buildName":"projects/869167769685/locations/europe-west1/builds/1d09bbe2-2716-42fd-820d-974fa245a357","dockerRegistry":"ARTIFACT_REGISTRY","automaticUpdatePolicy":{},"buildServiceAccount":"projects/core-app-423c7/serviceAccounts/869167769685-compute@developer.gserviceaccount.com"},{"name":"projects/core-app-423c7/locations/europe-west1/functions/checkTransportNotifications","eventTrigger":{"eventType":"google.pubsub.topic.publish","resource":"projects/core-app-423c7/topics/firebase-schedule-checkTransportNotifications-europe-west1","service":"pubsub.googleapis.com","failurePolicy":{}},"status":"ACTIVE","entryPoint":"checkTransportNotifications","timeout":"60s","availableMemoryMb":256,"serviceAccountEmail":"core-app-423c7@appspot.gserviceaccount.com","updateTime":"2025-03-24T21:37:31.901Z","versionId":"9","labels":{"deployment-tool":"cli-firebase","deployment-scheduled":"true","firebase-functions-hash":"d29dd41a7265e7ec238512c3da361a5eaf9dba56"},"sourceUploadUrl":"https://storage.googleapis.com/uploads-176395417328.europe-west1.cloudfunctions.appspot.com/a4c8b293-60e7-4be4-9c9a-f85e6dd619c7.zip","environmentVariables":{"FIREBASE_CONFIG":"{\"projectId\":\"core-app-423c7\",\"storageBucket\":\"core-app-423c7.firebasestorage.app\"}","GCLOUD_PROJECT":"core-app-423c7","EVENTARC_CLOUD_EVENT_SOURCE":"projects/core-app-423c7/locations/europe-west1/functions/checkTransportNotifications"},"runtime":"nodejs20","maxInstances":3000,"ingressSettings":"ALLOW_ALL","buildId":"1d09bbe2-2716-42fd-820d-974fa245a357","buildEnvironmentVariables":{"GOOGLE_NODE_RUN_SCRIPTS":""},"buildName":"projects/869167769685/locations/europe-west1/builds/1d09bbe2-2716-42fd-820d-974fa245a357","dockerRegistry":"ARTIFACT_REGISTRY","automaticUpdatePolicy":{},"buildServiceAccount":"projects/core-app-423c7/serviceAccounts/869167769685-compute@developer.gserviceaccount.com"}]}
[debug] [2025-03-24T21:38:10.835Z] Checked if tokens are valid: true, expires at: 1742855722796
[debug] [2025-03-24T21:38:10.835Z] Checked if tokens are valid: true, expires at: 1742855722796
[debug] [2025-03-24T21:38:10.835Z] >>> [apiv2][query] GET https://cloudfunctions.googleapis.com/v2/projects/core-app-423c7/locations/-/functions filter=environment%3D%22GEN_2%22
[debug] [2025-03-24T21:38:11.911Z] <<< [apiv2][status] GET https://cloudfunctions.googleapis.com/v2/projects/core-app-423c7/locations/-/functions 200
[debug] [2025-03-24T21:38:11.911Z] <<< [apiv2][body] GET https://cloudfunctions.googleapis.com/v2/projects/core-app-423c7/locations/-/functions {}
[info] i  functions: ensuring required API cloudscheduler.googleapis.com is enabled... 
[debug] [2025-03-24T21:38:11.915Z] Checked if tokens are valid: true, expires at: 1742855722796
[debug] [2025-03-24T21:38:11.916Z] Checked if tokens are valid: true, expires at: 1742855722796
[debug] [2025-03-24T21:38:11.916Z] >>> [apiv2][query] GET https://serviceusage.googleapis.com/v1/projects/core-app-423c7/services/cloudscheduler.googleapis.com [none]
[debug] [2025-03-24T21:38:11.916Z] >>> [apiv2][(partial)header] GET https://serviceusage.googleapis.com/v1/projects/core-app-423c7/services/cloudscheduler.googleapis.com x-goog-quota-user=projects/core-app-423c7
[debug] [2025-03-24T21:38:12.364Z] <<< [apiv2][status] GET https://serviceusage.googleapis.com/v1/projects/core-app-423c7/services/cloudscheduler.googleapis.com 200
[debug] [2025-03-24T21:38:12.365Z] <<< [apiv2][body] GET https://serviceusage.googleapis.com/v1/projects/core-app-423c7/services/cloudscheduler.googleapis.com [omitted]
[info] ✔  functions: required API cloudscheduler.googleapis.com is enabled 
[debug] [2025-03-24T21:38:12.368Z] Checked if tokens are valid: true, expires at: 1742855722796
[debug] [2025-03-24T21:38:12.368Z] Checked if tokens are valid: true, expires at: 1742855722796
[debug] [2025-03-24T21:38:12.368Z] >>> [apiv2][query] GET https://cloudresourcemanager.googleapis.com/v1/projects/core-app-423c7 [none]
[debug] [2025-03-24T21:38:12.611Z] <<< [apiv2][status] GET https://cloudresourcemanager.googleapis.com/v1/projects/core-app-423c7 200
[debug] [2025-03-24T21:38:12.612Z] <<< [apiv2][body] GET https://cloudresourcemanager.googleapis.com/v1/projects/core-app-423c7 {"projectNumber":"869167769685","projectId":"core-app-423c7","lifecycleState":"ACTIVE","name":"core-app","labels":{"firebase":"enabled","firebase-core":"disabled"},"createTime":"2025-03-23T09:54:58.346881Z"}
[debug] [2025-03-24T21:38:12.615Z] Checked if tokens are valid: true, expires at: 1742855722796
[debug] [2025-03-24T21:38:12.615Z] Checked if tokens are valid: true, expires at: 1742855722796
[debug] [2025-03-24T21:38:12.615Z] >>> [apiv2][query] GET https://cloudbilling.googleapis.com/v1/projects/core-app-423c7/billingInfo [none]
[debug] [2025-03-24T21:38:13.644Z] <<< [apiv2][status] GET https://cloudbilling.googleapis.com/v1/projects/core-app-423c7/billingInfo 200
[debug] [2025-03-24T21:38:13.644Z] <<< [apiv2][body] GET https://cloudbilling.googleapis.com/v1/projects/core-app-423c7/billingInfo {"name":"projects/core-app-423c7/billingInfo","projectId":"core-app-423c7","billingAccountName":"billingAccounts/017553-3E0C60-6F21D1","billingEnabled":true}
[debug] [2025-03-24T21:38:13.646Z] Checked if tokens are valid: true, expires at: 1742855722796
[debug] [2025-03-24T21:38:13.646Z] Checked if tokens are valid: true, expires at: 1742855722796
[debug] [2025-03-24T21:38:13.646Z] >>> [apiv2][query] POST https://cloudfunctions.googleapis.com/v1/projects/core-app-423c7/locations/europe-west1/functions:generateUploadUrl [none]
[debug] [2025-03-24T21:38:13.647Z] >>> [apiv2][body] POST https://cloudfunctions.googleapis.com/v1/projects/core-app-423c7/locations/europe-west1/functions:generateUploadUrl {}
[debug] [2025-03-24T21:38:14.393Z] <<< [apiv2][status] POST https://cloudfunctions.googleapis.com/v1/projects/core-app-423c7/locations/europe-west1/functions:generateUploadUrl 200
[debug] [2025-03-24T21:38:14.393Z] <<< [apiv2][body] POST https://cloudfunctions.googleapis.com/v1/projects/core-app-423c7/locations/europe-west1/functions:generateUploadUrl {"uploadUrl":"https://storage.googleapis.com/uploads-176395417328.europe-west1.cloudfunctions.appspot.com/440abbfd-8047-4c61-8e70-661539d8b3fd.zip?GoogleAccessId=service-869167769685@gcf-admin-robot.iam.gserviceaccount.com&Expires=1742854094&Signature=RfoMSq2L8PS2r1n7%2FHnw0hZIUEyCEoewD9C1B1zGMWDUTrePnLXHsxaWMYjFRMeERYN3JRLPEN8wIU%2Fo9T2hXEWOYt3rSrI1PV5bPeUwD%2BTLjGpjXNK%2Bi8Ozg5J877fVBWlUjK9%2BPR5Xmz7Mx%2FFCmb2Z3J5qBfTK1vMkvqEN%2FivSu4q18KKyFsRsoYcIedzVvWVwOM8MS4aIp%2BNEw50xQR45zOLRKl3HvXWH1x0EfTVs9itVQnhbYITjIJiiUepJZuAaqMUrxLKAXu5xPU%2ByqAKodjjNRgM%2F%2F87dy%2BnXGzcCETWBbNacXaqydxGTFPrcLsLvoHIxDG%2FeXxyGfw2XpQ%3D%3D"}
[debug] [2025-03-24T21:38:14.395Z] >>> [apiv2][query] PUT https://storage.googleapis.com/uploads-176395417328.europe-west1.cloudfunctions.appspot.com/440abbfd-8047-4c61-8e70-661539d8b3fd.zip GoogleAccessId=service-869167769685%40gcf-admin-robot.iam.gserviceaccount.com&Expires=1742854094&Signature=RfoMSq2L8PS2r1n7%2FHnw0hZIUEyCEoewD9C1B1zGMWDUTrePnLXHsxaWMYjFRMeERYN3JRLPEN8wIU%2Fo9T2hXEWOYt3rSrI1PV5bPeUwD%2BTLjGpjXNK%2Bi8Ozg5J877fVBWlUjK9%2BPR5Xmz7Mx%2FFCmb2Z3J5qBfTK1vMkvqEN%2FivSu4q18KKyFsRsoYcIedzVvWVwOM8MS4aIp%2BNEw50xQR45zOLRKl3HvXWH1x0EfTVs9itVQnhbYITjIJiiUepJZuAaqMUrxLKAXu5xPU%2ByqAKodjjNRgM%2F%2F87dy%2BnXGzcCETWBbNacXaqydxGTFPrcLsLvoHIxDG%2FeXxyGfw2XpQ%3D%3D
[debug] [2025-03-24T21:38:14.395Z] >>> [apiv2][body] PUT https://storage.googleapis.com/uploads-176395417328.europe-west1.cloudfunctions.appspot.com/440abbfd-8047-4c61-8e70-661539d8b3fd.zip [stream]
[debug] [2025-03-24T21:38:15.005Z] <<< [apiv2][status] PUT https://storage.googleapis.com/uploads-176395417328.europe-west1.cloudfunctions.appspot.com/440abbfd-8047-4c61-8e70-661539d8b3fd.zip 200
[debug] [2025-03-24T21:38:15.005Z] <<< [apiv2][body] PUT https://storage.googleapis.com/uploads-176395417328.europe-west1.cloudfunctions.appspot.com/440abbfd-8047-4c61-8e70-661539d8b3fd.zip [omitted]
[info] ✔  functions: functions folder uploaded successfully 
[info] i  functions: updating Node.js 20 (1st Gen) function clearDatabase(europe-west1)... 
[info] i  functions: updating Node.js 20 (1st Gen) function sendInvitationEmail(europe-west1)... 
[info] i  functions: updating Node.js 20 (1st Gen) function checkBusinessCaseReminders(europe-west1)... 
[info] i  functions: updating Node.js 20 (1st Gen) function checkTransportNotifications(europe-west1)... 
[info] i  functions: updating Node.js 20 (1st Gen) function logFunctionMetrics(europe-west1)... 
[info] i  functions: updating Node.js 20 (1st Gen) function updateExistingRecords(europe-west1)... 
[debug] [2025-03-24T21:38:15.011Z] Checked if tokens are valid: true, expires at: 1742855722796
[debug] [2025-03-24T21:38:15.011Z] Checked if tokens are valid: true, expires at: 1742855722796
[debug] [2025-03-24T21:38:15.012Z] >>> [apiv2][query] PATCH https://cloudfunctions.googleapis.com/v1/projects/core-app-423c7/locations/europe-west1/functions/clearDatabase updateMask=name%2CsourceUploadUrl%2CentryPoint%2Cruntime%2CdockerRegistry%2Clabels%2ChttpsTrigger.securityLevel%2CminInstances%2CmaxInstances%2CingressSettings%2CenvironmentVariables%2CserviceAccountEmail%2CavailableMemoryMb%2Ctimeout%2CvpcConnector%2CvpcConnectorEgressSettings%2CsourceToken%2CbuildEnvironmentVariables
[debug] [2025-03-24T21:38:15.012Z] >>> [apiv2][body] PATCH https://cloudfunctions.googleapis.com/v1/projects/core-app-423c7/locations/europe-west1/functions/clearDatabase {"name":"projects/core-app-423c7/locations/europe-west1/functions/clearDatabase","sourceUploadUrl":"https://storage.googleapis.com/uploads-176395417328.europe-west1.cloudfunctions.appspot.com/440abbfd-8047-4c61-8e70-661539d8b3fd.zip?GoogleAccessId=service-869167769685@gcf-admin-robot.iam.gserviceaccount.com&Expires=1742854094&Signature=RfoMSq2L8PS2r1n7%2FHnw0hZIUEyCEoewD9C1B1zGMWDUTrePnLXHsxaWMYjFRMeERYN3JRLPEN8wIU%2Fo9T2hXEWOYt3rSrI1PV5bPeUwD%2BTLjGpjXNK%2Bi8Ozg5J877fVBWlUjK9%2BPR5Xmz7Mx%2FFCmb2Z3J5qBfTK1vMkvqEN%2FivSu4q18KKyFsRsoYcIedzVvWVwOM8MS4aIp%2BNEw50xQR45zOLRKl3HvXWH1x0EfTVs9itVQnhbYITjIJiiUepJZuAaqMUrxLKAXu5xPU%2ByqAKodjjNRgM%2F%2F87dy%2BnXGzcCETWBbNacXaqydxGTFPrcLsLvoHIxDG%2FeXxyGfw2XpQ%3D%3D","entryPoint":"clearDatabase","runtime":"nodejs20","dockerRegistry":"ARTIFACT_REGISTRY","labels":{"deployment-tool":"cli-firebase","deployment-callable":"true","firebase-functions-hash":"bfaca2d0f08537cc0ad8a5dfb7388f90955050a8"},"httpsTrigger":{"securityLevel":"SECURE_ALWAYS"},"minInstances":null,"maxInstances":null,"ingressSettings":null,"environmentVariables":{"FIREBASE_CONFIG":"{\"projectId\":\"core-app-423c7\",\"storageBucket\":\"core-app-423c7.firebasestorage.app\"}","GCLOUD_PROJECT":"core-app-423c7","EVENTARC_CLOUD_EVENT_SOURCE":"projects/core-app-423c7/locations/europe-west1/functions/clearDatabase"},"serviceAccountEmail":null,"availableMemoryMb":null,"timeout":null,"vpcConnector":null,"vpcConnectorEgressSettings":null,"buildEnvironmentVariables":{"GOOGLE_NODE_RUN_SCRIPTS":""}}
[debug] [2025-03-24T21:38:15.413Z] <<< [apiv2][status] PATCH https://cloudfunctions.googleapis.com/v1/projects/core-app-423c7/locations/europe-west1/functions/clearDatabase 200
[debug] [2025-03-24T21:38:15.413Z] <<< [apiv2][body] PATCH https://cloudfunctions.googleapis.com/v1/projects/core-app-423c7/locations/europe-west1/functions/clearDatabase {"name":"operations/Y29yZS1hcHAtNDIzYzcvZXVyb3BlLXdlc3QxL2NsZWFyRGF0YWJhc2UvZHozVFEyZVJENWM","metadata":{"@type":"type.googleapis.com/google.cloud.functions.v1.OperationMetadataV1","target":"projects/core-app-423c7/locations/europe-west1/functions/clearDatabase","type":"UPDATE_FUNCTION","request":{"@type":"type.googleapis.com/google.cloud.functions.v1.CloudFunction","name":"projects/core-app-423c7/locations/europe-west1/functions/clearDatabase","httpsTrigger":{"url":"https://europe-west1-core-app-423c7.cloudfunctions.net/clearDatabase","securityLevel":"SECURE_ALWAYS"},"status":"ACTIVE","entryPoint":"clearDatabase","updateTime":"2025-03-24T21:37:31.498Z","versionId":"5","labels":{"deployment-tool":"cli-firebase","deployment-callable":"true","firebase-functions-hash":"bfaca2d0f08537cc0ad8a5dfb7388f90955050a8"},"sourceUploadUrl":"https://storage.googleapis.com/uploads-176395417328.europe-west1.cloudfunctions.appspot.com/440abbfd-8047-4c61-8e70-661539d8b3fd.zip?GoogleAccessId=service-869167769685@gcf-admin-robot.iam.gserviceaccount.com&Expires=1742854094&Signature=RfoMSq2L8PS2r1n7%2FHnw0hZIUEyCEoewD9C1B1zGMWDUTrePnLXHsxaWMYjFRMeERYN3JRLPEN8wIU%2Fo9T2hXEWOYt3rSrI1PV5bPeUwD%2BTLjGpjXNK%2Bi8Ozg5J877fVBWlUjK9%2BPR5Xmz7Mx%2FFCmb2Z3J5qBfTK1vMkvqEN%2FivSu4q18KKyFsRsoYcIedzVvWVwOM8MS4aIp%2BNEw50xQR45zOLRKl3HvXWH1x0EfTVs9itVQnhbYITjIJiiUepJZuAaqMUrxLKAXu5xPU%2ByqAKodjjNRgM%2F%2F87dy%2BnXGzcCETWBbNacXaqydxGTFPrcLsLvoHIxDG%2FeXxyGfw2XpQ%3D%3D","environmentVariables":{"FIREBASE_CONFIG":"{\"projectId\":\"core-app-423c7\",\"storageBucket\":\"core-app-423c7.firebasestorage.app\"}","GCLOUD_PROJECT":"core-app-423c7","EVENTARC_CLOUD_EVENT_SOURCE":"projects/core-app-423c7/locations/europe-west1/functions/clearDatabase"},"runtime":"nodejs20","buildId":"1d09bbe2-2716-42fd-820d-974fa245a357","buildEnvironmentVariables":{"GOOGLE_NODE_RUN_SCRIPTS":""},"buildName":"projects/869167769685/locations/europe-west1/builds/1d09bbe2-2716-42fd-820d-974fa245a357","dockerRegistry":"ARTIFACT_REGISTRY","automaticUpdatePolicy":{},"buildServiceAccount":"projects/core-app-423c7/serviceAccounts/869167769685-compute@developer.gserviceaccount.com"},"versionId":"6","updateTime":"2025-03-24T21:38:15Z"}}
[debug] [2025-03-24T21:38:15.414Z] Checked if tokens are valid: true, expires at: 1742855722796
[debug] [2025-03-24T21:38:15.414Z] Checked if tokens are valid: true, expires at: 1742855722796
[debug] [2025-03-24T21:38:15.415Z] >>> [apiv2][query] GET https://cloudfunctions.googleapis.com/v1/operations/Y29yZS1hcHAtNDIzYzcvZXVyb3BlLXdlc3QxL2NsZWFyRGF0YWJhc2UvZHozVFEyZVJENWM [none]
[debug] [2025-03-24T21:38:15.650Z] <<< [apiv2][status] GET https://cloudfunctions.googleapis.com/v1/operations/Y29yZS1hcHAtNDIzYzcvZXVyb3BlLXdlc3QxL2NsZWFyRGF0YWJhc2UvZHozVFEyZVJENWM 200
[debug] [2025-03-24T21:38:15.650Z] <<< [apiv2][body] GET https://cloudfunctions.googleapis.com/v1/operations/Y29yZS1hcHAtNDIzYzcvZXVyb3BlLXdlc3QxL2NsZWFyRGF0YWJhc2UvZHozVFEyZVJENWM {"name":"operations/Y29yZS1hcHAtNDIzYzcvZXVyb3BlLXdlc3QxL2NsZWFyRGF0YWJhc2UvZHozVFEyZVJENWM","metadata":{"@type":"type.googleapis.com/google.cloud.functions.v1.OperationMetadataV1","target":"projects/core-app-423c7/locations/europe-west1/functions/clearDatabase","type":"UPDATE_FUNCTION","request":{"@type":"type.googleapis.com/google.cloud.functions.v1.CloudFunction","name":"projects/core-app-423c7/locations/europe-west1/functions/clearDatabase","httpsTrigger":{"url":"https://europe-west1-core-app-423c7.cloudfunctions.net/clearDatabase","securityLevel":"SECURE_ALWAYS"},"status":"ACTIVE","entryPoint":"clearDatabase","updateTime":"2025-03-24T21:37:31.498Z","versionId":"5","labels":{"deployment-tool":"cli-firebase","deployment-callable":"true","firebase-functions-hash":"bfaca2d0f08537cc0ad8a5dfb7388f90955050a8"},"sourceUploadUrl":"https://storage.googleapis.com/uploads-176395417328.europe-west1.cloudfunctions.appspot.com/440abbfd-8047-4c61-8e70-661539d8b3fd.zip?GoogleAccessId=service-869167769685@gcf-admin-robot.iam.gserviceaccount.com&Expires=1742854094&Signature=RfoMSq2L8PS2r1n7%2FHnw0hZIUEyCEoewD9C1B1zGMWDUTrePnLXHsxaWMYjFRMeERYN3JRLPEN8wIU%2Fo9T2hXEWOYt3rSrI1PV5bPeUwD%2BTLjGpjXNK%2Bi8Ozg5J877fVBWlUjK9%2BPR5Xmz7Mx%2FFCmb2Z3J5qBfTK1vMkvqEN%2FivSu4q18KKyFsRsoYcIedzVvWVwOM8MS4aIp%2BNEw50xQR45zOLRKl3HvXWH1x0EfTVs9itVQnhbYITjIJiiUepJZuAaqMUrxLKAXu5xPU%2ByqAKodjjNRgM%2F%2F87dy%2BnXGzcCETWBbNacXaqydxGTFPrcLsLvoHIxDG%2FeXxyGfw2XpQ%3D%3D","environmentVariables":{"FIREBASE_CONFIG":"{\"projectId\":\"core-app-423c7\",\"storageBucket\":\"core-app-423c7.firebasestorage.app\"}","GCLOUD_PROJECT":"core-app-423c7","EVENTARC_CLOUD_EVENT_SOURCE":"projects/core-app-423c7/locations/europe-west1/functions/clearDatabase"},"runtime":"nodejs20","buildId":"1d09bbe2-2716-42fd-820d-974fa245a357","buildEnvironmentVariables":{"GOOGLE_NODE_RUN_SCRIPTS":""},"buildName":"projects/869167769685/locations/europe-west1/builds/1d09bbe2-2716-42fd-820d-974fa245a357","dockerRegistry":"ARTIFACT_REGISTRY","automaticUpdatePolicy":{},"buildServiceAccount":"projects/core-app-423c7/serviceAccounts/869167769685-compute@developer.gserviceaccount.com"},"versionId":"6","updateTime":"2025-03-24T21:38:15Z"}}
[debug] [2025-03-24T21:38:16.152Z] [update-default-europe-west1-clearDatabase] Retrying task index 0
[debug] [2025-03-24T21:38:16.153Z] Checked if tokens are valid: true, expires at: 1742855722796
[debug] [2025-03-24T21:38:16.153Z] Checked if tokens are valid: true, expires at: 1742855722796
[debug] [2025-03-24T21:38:16.153Z] >>> [apiv2][query] GET https://cloudfunctions.googleapis.com/v1/operations/Y29yZS1hcHAtNDIzYzcvZXVyb3BlLXdlc3QxL2NsZWFyRGF0YWJhc2UvZHozVFEyZVJENWM [none]
[debug] [2025-03-24T21:38:16.363Z] <<< [apiv2][status] GET https://cloudfunctions.googleapis.com/v1/operations/Y29yZS1hcHAtNDIzYzcvZXVyb3BlLXdlc3QxL2NsZWFyRGF0YWJhc2UvZHozVFEyZVJENWM 200
[debug] [2025-03-24T21:38:16.363Z] <<< [apiv2][body] GET https://cloudfunctions.googleapis.com/v1/operations/Y29yZS1hcHAtNDIzYzcvZXVyb3BlLXdlc3QxL2NsZWFyRGF0YWJhc2UvZHozVFEyZVJENWM {"name":"operations/Y29yZS1hcHAtNDIzYzcvZXVyb3BlLXdlc3QxL2NsZWFyRGF0YWJhc2UvZHozVFEyZVJENWM","metadata":{"@type":"type.googleapis.com/google.cloud.functions.v1.OperationMetadataV1","target":"projects/core-app-423c7/locations/europe-west1/functions/clearDatabase","type":"UPDATE_FUNCTION","request":{"@type":"type.googleapis.com/google.cloud.functions.v1.CloudFunction","name":"projects/core-app-423c7/locations/europe-west1/functions/clearDatabase","httpsTrigger":{"url":"https://europe-west1-core-app-423c7.cloudfunctions.net/clearDatabase","securityLevel":"SECURE_ALWAYS"},"status":"ACTIVE","entryPoint":"clearDatabase","updateTime":"2025-03-24T21:37:31.498Z","versionId":"5","labels":{"deployment-tool":"cli-firebase","deployment-callable":"true","firebase-functions-hash":"bfaca2d0f08537cc0ad8a5dfb7388f90955050a8"},"sourceUploadUrl":"https://storage.googleapis.com/uploads-176395417328.europe-west1.cloudfunctions.appspot.com/440abbfd-8047-4c61-8e70-661539d8b3fd.zip?GoogleAccessId=service-869167769685@gcf-admin-robot.iam.gserviceaccount.com&Expires=1742854094&Signature=RfoMSq2L8PS2r1n7%2FHnw0hZIUEyCEoewD9C1B1zGMWDUTrePnLXHsxaWMYjFRMeERYN3JRLPEN8wIU%2Fo9T2hXEWOYt3rSrI1PV5bPeUwD%2BTLjGpjXNK%2Bi8Ozg5J877fVBWlUjK9%2BPR5Xmz7Mx%2FFCmb2Z3J5qBfTK1vMkvqEN%2FivSu4q18KKyFsRsoYcIedzVvWVwOM8MS4aIp%2BNEw50xQR45zOLRKl3HvXWH1x0EfTVs9itVQnhbYITjIJiiUepJZuAaqMUrxLKAXu5xPU%2ByqAKodjjNRgM%2F%2F87dy%2BnXGzcCETWBbNacXaqydxGTFPrcLsLvoHIxDG%2FeXxyGfw2XpQ%3D%3D","environmentVariables":{"FIREBASE_CONFIG":"{\"projectId\":\"core-app-423c7\",\"storageBucket\":\"core-app-423c7.firebasestorage.app\"}","GCLOUD_PROJECT":"core-app-423c7","EVENTARC_CLOUD_EVENT_SOURCE":"projects/core-app-423c7/locations/europe-west1/functions/clearDatabase"},"runtime":"nodejs20","buildId":"1d09bbe2-2716-42fd-820d-974fa245a357","buildEnvironmentVariables":{"GOOGLE_NODE_RUN_SCRIPTS":""},"buildName":"projects/869167769685/locations/europe-west1/builds/1d09bbe2-2716-42fd-820d-974fa245a357","dockerRegistry":"ARTIFACT_REGISTRY","automaticUpdatePolicy":{},"buildServiceAccount":"projects/core-app-423c7/serviceAccounts/869167769685-compute@developer.gserviceaccount.com"},"versionId":"6","updateTime":"2025-03-24T21:38:16Z"}}
[debug] [2025-03-24T21:38:17.364Z] [update-default-europe-west1-clearDatabase] Retrying task index 0
[debug] [2025-03-24T21:38:17.364Z] Checked if tokens are valid: true, expires at: 1742855722796
[debug] [2025-03-24T21:38:17.364Z] Checked if tokens are valid: true, expires at: 1742855722796
[debug] [2025-03-24T21:38:17.364Z] >>> [apiv2][query] GET https://cloudfunctions.googleapis.com/v1/operations/Y29yZS1hcHAtNDIzYzcvZXVyb3BlLXdlc3QxL2NsZWFyRGF0YWJhc2UvZHozVFEyZVJENWM [none]
[debug] [2025-03-24T21:38:17.508Z] <<< [apiv2][status] GET https://cloudfunctions.googleapis.com/v1/operations/Y29yZS1hcHAtNDIzYzcvZXVyb3BlLXdlc3QxL2NsZWFyRGF0YWJhc2UvZHozVFEyZVJENWM 200
[debug] [2025-03-24T21:38:17.508Z] <<< [apiv2][body] GET https://cloudfunctions.googleapis.com/v1/operations/Y29yZS1hcHAtNDIzYzcvZXVyb3BlLXdlc3QxL2NsZWFyRGF0YWJhc2UvZHozVFEyZVJENWM {"name":"operations/Y29yZS1hcHAtNDIzYzcvZXVyb3BlLXdlc3QxL2NsZWFyRGF0YWJhc2UvZHozVFEyZVJENWM","metadata":{"@type":"type.googleapis.com/google.cloud.functions.v1.OperationMetadataV1","target":"projects/core-app-423c7/locations/europe-west1/functions/clearDatabase","type":"UPDATE_FUNCTION","request":{"@type":"type.googleapis.com/google.cloud.functions.v1.CloudFunction","name":"projects/core-app-423c7/locations/europe-west1/functions/clearDatabase","httpsTrigger":{"url":"https://europe-west1-core-app-423c7.cloudfunctions.net/clearDatabase","securityLevel":"SECURE_ALWAYS"},"status":"ACTIVE","entryPoint":"clearDatabase","updateTime":"2025-03-24T21:37:31.498Z","versionId":"5","labels":{"deployment-tool":"cli-firebase","deployment-callable":"true","firebase-functions-hash":"bfaca2d0f08537cc0ad8a5dfb7388f90955050a8"},"sourceUploadUrl":"https://storage.googleapis.com/uploads-176395417328.europe-west1.cloudfunctions.appspot.com/440abbfd-8047-4c61-8e70-661539d8b3fd.zip?GoogleAccessId=service-869167769685@gcf-admin-robot.iam.gserviceaccount.com&Expires=1742854094&Signature=RfoMSq2L8PS2r1n7%2FHnw0hZIUEyCEoewD9C1B1zGMWDUTrePnLXHsxaWMYjFRMeERYN3JRLPEN8wIU%2Fo9T2hXEWOYt3rSrI1PV5bPeUwD%2BTLjGpjXNK%2Bi8Ozg5J877fVBWlUjK9%2BPR5Xmz7Mx%2FFCmb2Z3J5qBfTK1vMkvqEN%2FivSu4q18KKyFsRsoYcIedzVvWVwOM8MS4aIp%2BNEw50xQR45zOLRKl3HvXWH1x0EfTVs9itVQnhbYITjIJiiUepJZuAaqMUrxLKAXu5xPU%2ByqAKodjjNRgM%2F%2F87dy%2BnXGzcCETWBbNacXaqydxGTFPrcLsLvoHIxDG%2FeXxyGfw2XpQ%3D%3D","environmentVariables":{"FIREBASE_CONFIG":"{\"projectId\":\"core-app-423c7\",\"storageBucket\":\"core-app-423c7.firebasestorage.app\"}","GCLOUD_PROJECT":"core-app-423c7","EVENTARC_CLOUD_EVENT_SOURCE":"projects/core-app-423c7/locations/europe-west1/functions/clearDatabase"},"runtime":"nodejs20","buildId":"1d09bbe2-2716-42fd-820d-974fa245a357","buildEnvironmentVariables":{"GOOGLE_NODE_RUN_SCRIPTS":""},"buildName":"projects/869167769685/locations/europe-west1/builds/1d09bbe2-2716-42fd-820d-974fa245a357","dockerRegistry":"ARTIFACT_REGISTRY","automaticUpdatePolicy":{},"buildServiceAccount":"projects/core-app-423c7/serviceAccounts/869167769685-compute@developer.gserviceaccount.com"},"versionId":"6","updateTime":"2025-03-24T21:38:16Z","buildId":"0c0c25d1-9fee-413c-97b8-5e6d3297042e","buildName":"projects/869167769685/locations/europe-west1/builds/0c0c25d1-9fee-413c-97b8-5e6d3297042e"}}
[debug] [2025-03-24T21:38:19.510Z] [update-default-europe-west1-clearDatabase] Retrying task index 0
[debug] [2025-03-24T21:38:19.511Z] Checked if tokens are valid: true, expires at: 1742855722796
[debug] [2025-03-24T21:38:19.512Z] Checked if tokens are valid: true, expires at: 1742855722796
[debug] [2025-03-24T21:38:19.512Z] >>> [apiv2][query] GET https://cloudfunctions.googleapis.com/v1/operations/Y29yZS1hcHAtNDIzYzcvZXVyb3BlLXdlc3QxL2NsZWFyRGF0YWJhc2UvZHozVFEyZVJENWM [none]
[debug] [2025-03-24T21:38:19.669Z] <<< [apiv2][status] GET https://cloudfunctions.googleapis.com/v1/operations/Y29yZS1hcHAtNDIzYzcvZXVyb3BlLXdlc3QxL2NsZWFyRGF0YWJhc2UvZHozVFEyZVJENWM 200
[debug] [2025-03-24T21:38:19.670Z] <<< [apiv2][body] GET https://cloudfunctions.googleapis.com/v1/operations/Y29yZS1hcHAtNDIzYzcvZXVyb3BlLXdlc3QxL2NsZWFyRGF0YWJhc2UvZHozVFEyZVJENWM {"name":"operations/Y29yZS1hcHAtNDIzYzcvZXVyb3BlLXdlc3QxL2NsZWFyRGF0YWJhc2UvZHozVFEyZVJENWM","metadata":{"@type":"type.googleapis.com/google.cloud.functions.v1.OperationMetadataV1","target":"projects/core-app-423c7/locations/europe-west1/functions/clearDatabase","type":"UPDATE_FUNCTION","request":{"@type":"type.googleapis.com/google.cloud.functions.v1.CloudFunction","name":"projects/core-app-423c7/locations/europe-west1/functions/clearDatabase","httpsTrigger":{"url":"https://europe-west1-core-app-423c7.cloudfunctions.net/clearDatabase","securityLevel":"SECURE_ALWAYS"},"status":"ACTIVE","entryPoint":"clearDatabase","updateTime":"2025-03-24T21:37:31.498Z","versionId":"5","labels":{"deployment-tool":"cli-firebase","deployment-callable":"true","firebase-functions-hash":"bfaca2d0f08537cc0ad8a5dfb7388f90955050a8"},"sourceUploadUrl":"https://storage.googleapis.com/uploads-176395417328.europe-west1.cloudfunctions.appspot.com/440abbfd-8047-4c61-8e70-661539d8b3fd.zip?GoogleAccessId=service-869167769685@gcf-admin-robot.iam.gserviceaccount.com&Expires=1742854094&Signature=RfoMSq2L8PS2r1n7%2FHnw0hZIUEyCEoewD9C1B1zGMWDUTrePnLXHsxaWMYjFRMeERYN3JRLPEN8wIU%2Fo9T2hXEWOYt3rSrI1PV5bPeUwD%2BTLjGpjXNK%2Bi8Ozg5J877fVBWlUjK9%2BPR5Xmz7Mx%2FFCmb2Z3J5qBfTK1vMkvqEN%2FivSu4q18KKyFsRsoYcIedzVvWVwOM8MS4aIp%2BNEw50xQR45zOLRKl3HvXWH1x0EfTVs9itVQnhbYITjIJiiUepJZuAaqMUrxLKAXu5xPU%2ByqAKodjjNRgM%2F%2F87dy%2BnXGzcCETWBbNacXaqydxGTFPrcLsLvoHIxDG%2FeXxyGfw2XpQ%3D%3D","environmentVariables":{"FIREBASE_CONFIG":"{\"projectId\":\"core-app-423c7\",\"storageBucket\":\"core-app-423c7.firebasestorage.app\"}","GCLOUD_PROJECT":"core-app-423c7","EVENTARC_CLOUD_EVENT_SOURCE":"projects/core-app-423c7/locations/europe-west1/functions/clearDatabase"},"runtime":"nodejs20","buildId":"1d09bbe2-2716-42fd-820d-974fa245a357","buildEnvironmentVariables":{"GOOGLE_NODE_RUN_SCRIPTS":""},"buildName":"projects/869167769685/locations/europe-west1/builds/1d09bbe2-2716-42fd-820d-974fa245a357","dockerRegistry":"ARTIFACT_REGISTRY","automaticUpdatePolicy":{},"buildServiceAccount":"projects/core-app-423c7/serviceAccounts/869167769685-compute@developer.gserviceaccount.com"},"versionId":"6","updateTime":"2025-03-24T21:38:16Z","buildId":"0c0c25d1-9fee-413c-97b8-5e6d3297042e","buildName":"projects/869167769685/locations/europe-west1/builds/0c0c25d1-9fee-413c-97b8-5e6d3297042e"}}
[debug] [2025-03-24T21:38:23.670Z] [update-default-europe-west1-clearDatabase] Retrying task index 0
[debug] [2025-03-24T21:38:23.671Z] Checked if tokens are valid: true, expires at: 1742855722796
[debug] [2025-03-24T21:38:23.671Z] Checked if tokens are valid: true, expires at: 1742855722796
[debug] [2025-03-24T21:38:23.672Z] >>> [apiv2][query] GET https://cloudfunctions.googleapis.com/v1/operations/Y29yZS1hcHAtNDIzYzcvZXVyb3BlLXdlc3QxL2NsZWFyRGF0YWJhc2UvZHozVFEyZVJENWM [none]
[debug] [2025-03-24T21:38:23.884Z] <<< [apiv2][status] GET https://cloudfunctions.googleapis.com/v1/operations/Y29yZS1hcHAtNDIzYzcvZXVyb3BlLXdlc3QxL2NsZWFyRGF0YWJhc2UvZHozVFEyZVJENWM 200
[debug] [2025-03-24T21:38:23.884Z] <<< [apiv2][body] GET https://cloudfunctions.googleapis.com/v1/operations/Y29yZS1hcHAtNDIzYzcvZXVyb3BlLXdlc3QxL2NsZWFyRGF0YWJhc2UvZHozVFEyZVJENWM {"name":"operations/Y29yZS1hcHAtNDIzYzcvZXVyb3BlLXdlc3QxL2NsZWFyRGF0YWJhc2UvZHozVFEyZVJENWM","metadata":{"@type":"type.googleapis.com/google.cloud.functions.v1.OperationMetadataV1","target":"projects/core-app-423c7/locations/europe-west1/functions/clearDatabase","type":"UPDATE_FUNCTION","request":{"@type":"type.googleapis.com/google.cloud.functions.v1.CloudFunction","name":"projects/core-app-423c7/locations/europe-west1/functions/clearDatabase","httpsTrigger":{"url":"https://europe-west1-core-app-423c7.cloudfunctions.net/clearDatabase","securityLevel":"SECURE_ALWAYS"},"status":"ACTIVE","entryPoint":"clearDatabase","updateTime":"2025-03-24T21:37:31.498Z","versionId":"5","labels":{"deployment-tool":"cli-firebase","deployment-callable":"true","firebase-functions-hash":"bfaca2d0f08537cc0ad8a5dfb7388f90955050a8"},"sourceUploadUrl":"https://storage.googleapis.com/uploads-176395417328.europe-west1.cloudfunctions.appspot.com/440abbfd-8047-4c61-8e70-661539d8b3fd.zip?GoogleAccessId=service-869167769685@gcf-admin-robot.iam.gserviceaccount.com&Expires=1742854094&Signature=RfoMSq2L8PS2r1n7%2FHnw0hZIUEyCEoewD9C1B1zGMWDUTrePnLXHsxaWMYjFRMeERYN3JRLPEN8wIU%2Fo9T2hXEWOYt3rSrI1PV5bPeUwD%2BTLjGpjXNK%2Bi8Ozg5J877fVBWlUjK9%2BPR5Xmz7Mx%2FFCmb2Z3J5qBfTK1vMkvqEN%2FivSu4q18KKyFsRsoYcIedzVvWVwOM8MS4aIp%2BNEw50xQR45zOLRKl3HvXWH1x0EfTVs9itVQnhbYITjIJiiUepJZuAaqMUrxLKAXu5xPU%2ByqAKodjjNRgM%2F%2F87dy%2BnXGzcCETWBbNacXaqydxGTFPrcLsLvoHIxDG%2FeXxyGfw2XpQ%3D%3D","environmentVariables":{"FIREBASE_CONFIG":"{\"projectId\":\"core-app-423c7\",\"storageBucket\":\"core-app-423c7.firebasestorage.app\"}","GCLOUD_PROJECT":"core-app-423c7","EVENTARC_CLOUD_EVENT_SOURCE":"projects/core-app-423c7/locations/europe-west1/functions/clearDatabase"},"runtime":"nodejs20","buildId":"1d09bbe2-2716-42fd-820d-974fa245a357","buildEnvironmentVariables":{"GOOGLE_NODE_RUN_SCRIPTS":""},"buildName":"projects/869167769685/locations/europe-west1/builds/1d09bbe2-2716-42fd-820d-974fa245a357","dockerRegistry":"ARTIFACT_REGISTRY","automaticUpdatePolicy":{},"buildServiceAccount":"projects/core-app-423c7/serviceAccounts/869167769685-compute@developer.gserviceaccount.com"},"versionId":"6","updateTime":"2025-03-24T21:38:16Z","buildId":"0c0c25d1-9fee-413c-97b8-5e6d3297042e","buildName":"projects/869167769685/locations/europe-west1/builds/0c0c25d1-9fee-413c-97b8-5e6d3297042e"}}
[debug] [2025-03-24T21:38:31.886Z] [update-default-europe-west1-clearDatabase] Retrying task index 0
[debug] [2025-03-24T21:38:31.886Z] Checked if tokens are valid: true, expires at: 1742855722796
[debug] [2025-03-24T21:38:31.887Z] Checked if tokens are valid: true, expires at: 1742855722796
[debug] [2025-03-24T21:38:31.887Z] >>> [apiv2][query] GET https://cloudfunctions.googleapis.com/v1/operations/Y29yZS1hcHAtNDIzYzcvZXVyb3BlLXdlc3QxL2NsZWFyRGF0YWJhc2UvZHozVFEyZVJENWM [none]
[debug] [2025-03-24T21:38:32.196Z] <<< [apiv2][status] GET https://cloudfunctions.googleapis.com/v1/operations/Y29yZS1hcHAtNDIzYzcvZXVyb3BlLXdlc3QxL2NsZWFyRGF0YWJhc2UvZHozVFEyZVJENWM 200
[debug] [2025-03-24T21:38:32.196Z] <<< [apiv2][body] GET https://cloudfunctions.googleapis.com/v1/operations/Y29yZS1hcHAtNDIzYzcvZXVyb3BlLXdlc3QxL2NsZWFyRGF0YWJhc2UvZHozVFEyZVJENWM {"name":"operations/Y29yZS1hcHAtNDIzYzcvZXVyb3BlLXdlc3QxL2NsZWFyRGF0YWJhc2UvZHozVFEyZVJENWM","metadata":{"@type":"type.googleapis.com/google.cloud.functions.v1.OperationMetadataV1","target":"projects/core-app-423c7/locations/europe-west1/functions/clearDatabase","type":"UPDATE_FUNCTION","request":{"@type":"type.googleapis.com/google.cloud.functions.v1.CloudFunction","name":"projects/core-app-423c7/locations/europe-west1/functions/clearDatabase","httpsTrigger":{"url":"https://europe-west1-core-app-423c7.cloudfunctions.net/clearDatabase","securityLevel":"SECURE_ALWAYS"},"status":"ACTIVE","entryPoint":"clearDatabase","updateTime":"2025-03-24T21:37:31.498Z","versionId":"5","labels":{"deployment-tool":"cli-firebase","deployment-callable":"true","firebase-functions-hash":"bfaca2d0f08537cc0ad8a5dfb7388f90955050a8"},"sourceUploadUrl":"https://storage.googleapis.com/uploads-176395417328.europe-west1.cloudfunctions.appspot.com/440abbfd-8047-4c61-8e70-661539d8b3fd.zip?GoogleAccessId=service-869167769685@gcf-admin-robot.iam.gserviceaccount.com&Expires=1742854094&Signature=RfoMSq2L8PS2r1n7%2FHnw0hZIUEyCEoewD9C1B1zGMWDUTrePnLXHsxaWMYjFRMeERYN3JRLPEN8wIU%2Fo9T2hXEWOYt3rSrI1PV5bPeUwD%2BTLjGpjXNK%2Bi8Ozg5J877fVBWlUjK9%2BPR5Xmz7Mx%2FFCmb2Z3J5qBfTK1vMkvqEN%2FivSu4q18KKyFsRsoYcIedzVvWVwOM8MS4aIp%2BNEw50xQR45zOLRKl3HvXWH1x0EfTVs9itVQnhbYITjIJiiUepJZuAaqMUrxLKAXu5xPU%2ByqAKodjjNRgM%2F%2F87dy%2BnXGzcCETWBbNacXaqydxGTFPrcLsLvoHIxDG%2FeXxyGfw2XpQ%3D%3D","environmentVariables":{"FIREBASE_CONFIG":"{\"projectId\":\"core-app-423c7\",\"storageBucket\":\"core-app-423c7.firebasestorage.app\"}","GCLOUD_PROJECT":"core-app-423c7","EVENTARC_CLOUD_EVENT_SOURCE":"projects/core-app-423c7/locations/europe-west1/functions/clearDatabase"},"runtime":"nodejs20","buildId":"1d09bbe2-2716-42fd-820d-974fa245a357","buildEnvironmentVariables":{"GOOGLE_NODE_RUN_SCRIPTS":""},"buildName":"projects/869167769685/locations/europe-west1/builds/1d09bbe2-2716-42fd-820d-974fa245a357","dockerRegistry":"ARTIFACT_REGISTRY","automaticUpdatePolicy":{},"buildServiceAccount":"projects/core-app-423c7/serviceAccounts/869167769685-compute@developer.gserviceaccount.com"},"versionId":"6","updateTime":"2025-03-24T21:38:16Z","buildId":"0c0c25d1-9fee-413c-97b8-5e6d3297042e","buildName":"projects/869167769685/locations/europe-west1/builds/0c0c25d1-9fee-413c-97b8-5e6d3297042e"}}
