[debug] [2025-04-01T09:06:03.066Z] ----------------------------------------------------------------------
[debug] [2025-04-01T09:06:03.067Z] Command:       /Users/macbookm3pro/.nvm/versions/node/v20.19.0/bin/node /opt/homebrew/bin/firebase deploy --only functions:checkBusinessCaseReminders
[debug] [2025-04-01T09:06:03.067Z] CLI Version:   14.0.1
[debug] [2025-04-01T09:06:03.067Z] Platform:      darwin
[debug] [2025-04-01T09:06:03.067Z] Node Version:  v20.19.0
[debug] [2025-04-01T09:06:03.068Z] Time:          Tue Apr 01 2025 11:06:03 GMT+0200 (Central European Summer Time)
[debug] [2025-04-01T09:06:03.068Z] ----------------------------------------------------------------------
[debug] 
[debug] [2025-04-01T09:06:03.147Z] > command requires scopes: ["email","openid","https://www.googleapis.com/auth/cloudplatformprojects.readonly","https://www.googleapis.com/auth/firebase","https://www.googleapis.com/auth/cloud-platform"]
[debug] [2025-04-01T09:06:03.147Z] > authorizing via signed-in user (webpostup@gmail.com)
[debug] [2025-04-01T09:06:03.147Z] [iam] checking project core-app-423c7 for permissions ["cloudfunctions.functions.create","cloudfunctions.functions.delete","cloudfunctions.functions.get","cloudfunctions.functions.list","cloudfunctions.functions.update","cloudfunctions.operations.get","firebase.projects.get"]
[debug] [2025-04-01T09:06:03.148Z] Checked if tokens are valid: true, expires at: 1743501820162
[debug] [2025-04-01T09:06:03.148Z] Checked if tokens are valid: true, expires at: 1743501820162
[debug] [2025-04-01T09:06:03.148Z] >>> [apiv2][query] POST https://cloudresourcemanager.googleapis.com/v1/projects/core-app-423c7:testIamPermissions [none]
[debug] [2025-04-01T09:06:03.148Z] >>> [apiv2][(partial)header] POST https://cloudresourcemanager.googleapis.com/v1/projects/core-app-423c7:testIamPermissions x-goog-quota-user=projects/core-app-423c7
[debug] [2025-04-01T09:06:03.149Z] >>> [apiv2][body] POST https://cloudresourcemanager.googleapis.com/v1/projects/core-app-423c7:testIamPermissions {"permissions":["cloudfunctions.functions.create","cloudfunctions.functions.delete","cloudfunctions.functions.get","cloudfunctions.functions.list","cloudfunctions.functions.update","cloudfunctions.operations.get","firebase.projects.get"]}
[debug] [2025-04-01T09:06:03.905Z] <<< [apiv2][status] POST https://cloudresourcemanager.googleapis.com/v1/projects/core-app-423c7:testIamPermissions 200
[debug] [2025-04-01T09:06:03.905Z] <<< [apiv2][body] POST https://cloudresourcemanager.googleapis.com/v1/projects/core-app-423c7:testIamPermissions {"permissions":["cloudfunctions.functions.create","cloudfunctions.functions.delete","cloudfunctions.functions.get","cloudfunctions.functions.list","cloudfunctions.functions.update","cloudfunctions.operations.get","firebase.projects.get"]}
[debug] [2025-04-01T09:06:03.905Z] Checked if tokens are valid: true, expires at: 1743501820162
[debug] [2025-04-01T09:06:03.905Z] Checked if tokens are valid: true, expires at: 1743501820162
[debug] [2025-04-01T09:06:03.905Z] >>> [apiv2][query] POST https://iam.googleapis.com/v1/projects/core-app-423c7/serviceAccounts/core-app-423c7@appspot.gserviceaccount.com:testIamPermissions [none]
[debug] [2025-04-01T09:06:03.906Z] >>> [apiv2][body] POST https://iam.googleapis.com/v1/projects/core-app-423c7/serviceAccounts/core-app-423c7@appspot.gserviceaccount.com:testIamPermissions {"permissions":["iam.serviceAccounts.actAs"]}
[debug] [2025-04-01T09:06:04.678Z] <<< [apiv2][status] POST https://iam.googleapis.com/v1/projects/core-app-423c7/serviceAccounts/core-app-423c7@appspot.gserviceaccount.com:testIamPermissions 200
[debug] [2025-04-01T09:06:04.678Z] <<< [apiv2][body] POST https://iam.googleapis.com/v1/projects/core-app-423c7/serviceAccounts/core-app-423c7@appspot.gserviceaccount.com:testIamPermissions {"permissions":["iam.serviceAccounts.actAs"]}
[info] 
[info] === Deploying to 'core-app-423c7'...
[info] 
[info] i  deploying functions 
[info] Running command: npm --prefix "$RESOURCE_DIR" run build
[info] ✔  functions: Finished running predeploy script. 
[debug] [2025-04-01T09:06:07.867Z] Checked if tokens are valid: true, expires at: 1743501820162
[debug] [2025-04-01T09:06:07.867Z] Checked if tokens are valid: true, expires at: 1743501820162
[debug] [2025-04-01T09:06:07.867Z] >>> [apiv2][query] GET https://cloudresourcemanager.googleapis.com/v1/projects/core-app-423c7 [none]
[debug] [2025-04-01T09:06:08.065Z] <<< [apiv2][status] GET https://cloudresourcemanager.googleapis.com/v1/projects/core-app-423c7 200
[debug] [2025-04-01T09:06:08.065Z] <<< [apiv2][body] GET https://cloudresourcemanager.googleapis.com/v1/projects/core-app-423c7 {"projectNumber":"869167769685","projectId":"core-app-423c7","lifecycleState":"ACTIVE","name":"core-app","labels":{"firebase":"enabled","firebase-core":"disabled"},"createTime":"2025-03-23T09:54:58.346881Z"}
[info] i  functions: preparing codebase default for deployment 
[info] i  functions: ensuring required API cloudfunctions.googleapis.com is enabled... 
[debug] [2025-04-01T09:06:08.066Z] Checked if tokens are valid: true, expires at: 1743501820162
[debug] [2025-04-01T09:06:08.066Z] Checked if tokens are valid: true, expires at: 1743501820162
[debug] [2025-04-01T09:06:08.066Z] Checked if tokens are valid: true, expires at: 1743501820162
[debug] [2025-04-01T09:06:08.066Z] Checked if tokens are valid: true, expires at: 1743501820162
[info] i  functions: ensuring required API cloudbuild.googleapis.com is enabled... 
[debug] [2025-04-01T09:06:08.067Z] Checked if tokens are valid: true, expires at: 1743501820162
[debug] [2025-04-01T09:06:08.067Z] Checked if tokens are valid: true, expires at: 1743501820162
[info] i  artifactregistry: ensuring required API artifactregistry.googleapis.com is enabled... 
[debug] [2025-04-01T09:06:08.067Z] Checked if tokens are valid: true, expires at: 1743501820162
[debug] [2025-04-01T09:06:08.067Z] Checked if tokens are valid: true, expires at: 1743501820162
[debug] [2025-04-01T09:06:08.067Z] >>> [apiv2][query] GET https://serviceusage.googleapis.com/v1/projects/core-app-423c7/services/cloudfunctions.googleapis.com [none]
[debug] [2025-04-01T09:06:08.067Z] >>> [apiv2][(partial)header] GET https://serviceusage.googleapis.com/v1/projects/core-app-423c7/services/cloudfunctions.googleapis.com x-goog-quota-user=projects/core-app-423c7
[debug] [2025-04-01T09:06:08.068Z] >>> [apiv2][query] GET https://serviceusage.googleapis.com/v1/projects/core-app-423c7/services/runtimeconfig.googleapis.com [none]
[debug] [2025-04-01T09:06:08.068Z] >>> [apiv2][(partial)header] GET https://serviceusage.googleapis.com/v1/projects/core-app-423c7/services/runtimeconfig.googleapis.com x-goog-quota-user=projects/core-app-423c7
[debug] [2025-04-01T09:06:08.069Z] >>> [apiv2][query] GET https://serviceusage.googleapis.com/v1/projects/core-app-423c7/services/cloudbuild.googleapis.com [none]
[debug] [2025-04-01T09:06:08.069Z] >>> [apiv2][(partial)header] GET https://serviceusage.googleapis.com/v1/projects/core-app-423c7/services/cloudbuild.googleapis.com x-goog-quota-user=projects/core-app-423c7
[debug] [2025-04-01T09:06:08.070Z] >>> [apiv2][query] GET https://serviceusage.googleapis.com/v1/projects/core-app-423c7/services/artifactregistry.googleapis.com [none]
[debug] [2025-04-01T09:06:08.070Z] >>> [apiv2][(partial)header] GET https://serviceusage.googleapis.com/v1/projects/core-app-423c7/services/artifactregistry.googleapis.com x-goog-quota-user=projects/core-app-423c7
[debug] [2025-04-01T09:06:09.085Z] <<< [apiv2][status] GET https://serviceusage.googleapis.com/v1/projects/core-app-423c7/services/cloudfunctions.googleapis.com 200
[debug] [2025-04-01T09:06:09.085Z] <<< [apiv2][body] GET https://serviceusage.googleapis.com/v1/projects/core-app-423c7/services/cloudfunctions.googleapis.com [omitted]
[info] ✔  functions: required API cloudfunctions.googleapis.com is enabled 
[debug] [2025-04-01T09:06:09.086Z] <<< [apiv2][status] GET https://serviceusage.googleapis.com/v1/projects/core-app-423c7/services/runtimeconfig.googleapis.com 200
[debug] [2025-04-01T09:06:09.086Z] <<< [apiv2][body] GET https://serviceusage.googleapis.com/v1/projects/core-app-423c7/services/runtimeconfig.googleapis.com [omitted]
[debug] [2025-04-01T09:06:09.087Z] <<< [apiv2][status] GET https://serviceusage.googleapis.com/v1/projects/core-app-423c7/services/cloudbuild.googleapis.com 200
[debug] [2025-04-01T09:06:09.087Z] <<< [apiv2][body] GET https://serviceusage.googleapis.com/v1/projects/core-app-423c7/services/cloudbuild.googleapis.com [omitted]
[info] ✔  functions: required API cloudbuild.googleapis.com is enabled 
[debug] [2025-04-01T09:06:09.097Z] <<< [apiv2][status] GET https://serviceusage.googleapis.com/v1/projects/core-app-423c7/services/artifactregistry.googleapis.com 200
[debug] [2025-04-01T09:06:09.097Z] <<< [apiv2][body] GET https://serviceusage.googleapis.com/v1/projects/core-app-423c7/services/artifactregistry.googleapis.com [omitted]
[info] ✔  artifactregistry: required API artifactregistry.googleapis.com is enabled 
[debug] [2025-04-01T09:06:09.097Z] Checked if tokens are valid: true, expires at: 1743501820162
[debug] [2025-04-01T09:06:09.097Z] Checked if tokens are valid: true, expires at: 1743501820162
[debug] [2025-04-01T09:06:09.097Z] >>> [apiv2][query] GET https://firebase.googleapis.com/v1beta1/projects/core-app-423c7/adminSdkConfig [none]
[debug] [2025-04-01T09:06:09.578Z] <<< [apiv2][status] GET https://firebase.googleapis.com/v1beta1/projects/core-app-423c7/adminSdkConfig 200
[debug] [2025-04-01T09:06:09.578Z] <<< [apiv2][body] GET https://firebase.googleapis.com/v1beta1/projects/core-app-423c7/adminSdkConfig {"projectId":"core-app-423c7","databaseURL":"https://core-app-423c7-default-rtdb.europe-west1.firebasedatabase.app","storageBucket":"core-app-423c7.firebasestorage.app"}
[debug] [2025-04-01T09:06:09.578Z] Checked if tokens are valid: true, expires at: 1743501820162
[debug] [2025-04-01T09:06:09.578Z] Checked if tokens are valid: true, expires at: 1743501820162
[debug] [2025-04-01T09:06:09.578Z] >>> [apiv2][query] GET https://runtimeconfig.googleapis.com/v1beta1/projects/core-app-423c7/configs [none]
[debug] [2025-04-01T09:06:09.867Z] <<< [apiv2][status] GET https://runtimeconfig.googleapis.com/v1beta1/projects/core-app-423c7/configs 200
[debug] [2025-04-01T09:06:09.867Z] <<< [apiv2][body] GET https://runtimeconfig.googleapis.com/v1beta1/projects/core-app-423c7/configs {"configs":[{"name":"projects/core-app-423c7/configs/email"}]}
[debug] [2025-04-01T09:06:09.867Z] Checked if tokens are valid: true, expires at: 1743501820162
[debug] [2025-04-01T09:06:09.867Z] Checked if tokens are valid: true, expires at: 1743501820162
[debug] [2025-04-01T09:06:09.867Z] >>> [apiv2][query] GET https://runtimeconfig.googleapis.com/v1beta1/projects/core-app-423c7/configs/email/variables [none]
[debug] [2025-04-01T09:06:10.068Z] <<< [apiv2][status] GET https://runtimeconfig.googleapis.com/v1beta1/projects/core-app-423c7/configs/email/variables 200
[debug] [2025-04-01T09:06:10.068Z] <<< [apiv2][body] GET https://runtimeconfig.googleapis.com/v1beta1/projects/core-app-423c7/configs/email/variables {"variables":[{"name":"projects/core-app-423c7/configs/email/variables/password","updateTime":"2025-03-23T19:18:53.997899644Z"},{"name":"projects/core-app-423c7/configs/email/variables/user","updateTime":"2025-03-23T19:18:54.014339774Z"}]}
[debug] [2025-04-01T09:06:10.069Z] Checked if tokens are valid: true, expires at: 1743501820162
[debug] [2025-04-01T09:06:10.069Z] Checked if tokens are valid: true, expires at: 1743501820162
[debug] [2025-04-01T09:06:10.069Z] Checked if tokens are valid: true, expires at: 1743501820162
[debug] [2025-04-01T09:06:10.069Z] Checked if tokens are valid: true, expires at: 1743501820162
[debug] [2025-04-01T09:06:10.069Z] >>> [apiv2][query] GET https://runtimeconfig.googleapis.com/v1beta1/projects/core-app-423c7/configs/email/variables/password [none]
[debug] [2025-04-01T09:06:10.070Z] >>> [apiv2][query] GET https://runtimeconfig.googleapis.com/v1beta1/projects/core-app-423c7/configs/email/variables/user [none]
[debug] [2025-04-01T09:06:10.291Z] <<< [apiv2][status] GET https://runtimeconfig.googleapis.com/v1beta1/projects/core-app-423c7/configs/email/variables/user 200
[debug] [2025-04-01T09:06:10.291Z] <<< [apiv2][body] GET https://runtimeconfig.googleapis.com/v1beta1/projects/core-app-423c7/configs/email/variables/user {"name":"projects/core-app-423c7/configs/email/variables/user","updateTime":"2025-03-23T19:18:54.014339774Z","text":"core.transport.app@gmail.com"}
[debug] [2025-04-01T09:06:11.325Z] <<< [apiv2][status] GET https://runtimeconfig.googleapis.com/v1beta1/projects/core-app-423c7/configs/email/variables/password 200
[debug] [2025-04-01T09:06:11.325Z] <<< [apiv2][body] GET https://runtimeconfig.googleapis.com/v1beta1/projects/core-app-423c7/configs/email/variables/password {"name":"projects/core-app-423c7/configs/email/variables/password","updateTime":"2025-03-23T19:18:53.997899644Z","text":"your-app-specific-password"}
[debug] [2025-04-01T09:06:11.327Z] Validating nodejs source
[debug] [2025-04-01T09:06:11.615Z] > [functions] package.json contents: {
  "name": "functions",
  "scripts": {
    "build": "tsc",
    "build:watch": "tsc --watch",
    "serve": "npm run build && firebase emulators:start --only functions",
    "shell": "npm run build && firebase functions:shell",
    "start": "npm run shell",
    "deploy": "firebase deploy --only functions",
    "logs": "firebase functions:log"
  },
  "engines": {
    "node": "20"
  },
  "main": "lib/index.js",
  "dependencies": {
    "@mui/x-date-pickers": "^7.28.0",
    "@types/cors": "^2.8.17",
    "cors": "^2.8.5",
    "date-fns": "^4.1.0",
    "firebase-admin": "^11.11.1",
    "firebase-functions": "^6.3.2",
    "nodemailer": "^6.9.9",
    "react-router-dom": "^7.4.0"
  },
  "devDependencies": {
    "@types/nodemailer": "^6.4.17",
    "@types/react": "^19.0.12",
    "@types/react-dom": "^19.0.4",
    "typescript": "^5.3.3"
  },
  "private": true
}
[debug] [2025-04-01T09:06:11.615Z] Building nodejs source
[info] i  functions: Loading and analyzing source code for codebase default to determine what to deploy 
[debug] [2025-04-01T09:06:11.616Z] Could not find functions.yaml. Must use http discovery
[debug] [2025-04-01T09:06:11.620Z] Found firebase-functions binary at '/Users/macbookm3pro/Documents/GitHub/core/transport-platform/functions/node_modules/.bin/firebase-functions'
[info] Serving at port 8092

[debug] [2025-04-01T09:06:11.760Z] Got response from /__/functions.yaml {"endpoints":{"clearDatabase":{"platform":"gcfv1","labels":{},"availableMemoryMb":null,"timeoutSeconds":null,"minInstances":null,"maxInstances":null,"ingressSettings":null,"serviceAccountEmail":null,"vpc":null,"region":["europe-west1"],"callableTrigger":{},"entryPoint":"clearDatabase"},"sendInvitationEmail":{"platform":"gcfv1","labels":{},"availableMemoryMb":null,"timeoutSeconds":null,"minInstances":null,"maxInstances":null,"ingressSettings":null,"serviceAccountEmail":null,"vpc":null,"region":["europe-west1"],"callableTrigger":{},"entryPoint":"sendInvitationEmail"},"checkBusinessCaseReminders":{"platform":"gcfv1","availableMemoryMb":null,"timeoutSeconds":null,"minInstances":null,"maxInstances":null,"ingressSettings":null,"serviceAccountEmail":null,"vpc":null,"region":["europe-west1"],"scheduleTrigger":{"schedule":"every 1 minutes","retryConfig":{"retryCount":null,"maxDoublings":null,"maxRetryDuration":null,"maxBackoffDuration":null,"minBackoffDuration":null},"timeZone":"Europe/Bratislava"},"labels":{},"entryPoint":"checkBusinessCaseReminders"},"checkTransportNotifications":{"platform":"gcfv1","availableMemoryMb":null,"timeoutSeconds":null,"minInstances":null,"maxInstances":null,"ingressSettings":null,"serviceAccountEmail":null,"vpc":null,"region":["europe-west1"],"scheduleTrigger":{"schedule":"every 1 minutes","retryConfig":{"retryCount":null,"maxDoublings":null,"maxRetryDuration":null,"maxBackoffDuration":null,"minBackoffDuration":null},"timeZone":"Europe/Bratislava"},"labels":{},"entryPoint":"checkTransportNotifications"},"logFunctionMetrics":{"platform":"gcfv1","availableMemoryMb":null,"timeoutSeconds":null,"minInstances":null,"maxInstances":null,"ingressSettings":null,"serviceAccountEmail":null,"vpc":null,"region":["europe-west1"],"scheduleTrigger":{"schedule":"every 1 hours","retryConfig":{"retryCount":null,"maxDoublings":null,"maxRetryDuration":null,"maxBackoffDuration":null,"minBackoffDuration":null},"timeZone":"Europe/Bratislava"},"labels":{},"entryPoint":"logFunctionMetrics"},"updateExistingRecords":{"platform":"gcfv1","labels":{},"availableMemoryMb":null,"timeoutSeconds":null,"minInstances":null,"maxInstances":null,"ingressSettings":null,"serviceAccountEmail":null,"vpc":null,"region":["europe-west1"],"callableTrigger":{},"entryPoint":"updateExistingRecords"},"updateVehicleLocation":{"availableMemoryMb":null,"timeoutSeconds":null,"minInstances":null,"maxInstances":null,"ingressSettings":null,"concurrency":null,"serviceAccountEmail":null,"vpc":null,"platform":"gcfv2","labels":{},"httpsTrigger":{},"entryPoint":"updateVehicleLocation"}},"specVersion":"v1alpha1","requiredAPIs":[{"api":"cloudscheduler.googleapis.com","reason":"Needed for scheduled functions."}],"extensions":{}}
[info] i  extensions: ensuring required API firebaseextensions.googleapis.com is enabled... 
[debug] [2025-04-01T09:06:15.777Z] Checked if tokens are valid: true, expires at: 1743501820162
[debug] [2025-04-01T09:06:15.777Z] Checked if tokens are valid: true, expires at: 1743501820162
[debug] [2025-04-01T09:06:15.777Z] >>> [apiv2][query] GET https://serviceusage.googleapis.com/v1/projects/core-app-423c7/services/firebaseextensions.googleapis.com [none]
[debug] [2025-04-01T09:06:15.777Z] >>> [apiv2][(partial)header] GET https://serviceusage.googleapis.com/v1/projects/core-app-423c7/services/firebaseextensions.googleapis.com x-goog-quota-user=projects/core-app-423c7
[debug] [2025-04-01T09:06:16.655Z] <<< [apiv2][status] GET https://serviceusage.googleapis.com/v1/projects/core-app-423c7/services/firebaseextensions.googleapis.com 200
[debug] [2025-04-01T09:06:16.655Z] <<< [apiv2][body] GET https://serviceusage.googleapis.com/v1/projects/core-app-423c7/services/firebaseextensions.googleapis.com [omitted]
[info] ✔  extensions: required API firebaseextensions.googleapis.com is enabled 
[debug] [2025-04-01T09:06:16.655Z] > command requires scopes: ["email","openid","https://www.googleapis.com/auth/cloudplatformprojects.readonly","https://www.googleapis.com/auth/firebase","https://www.googleapis.com/auth/cloud-platform"]
[debug] [2025-04-01T09:06:16.656Z] > authorizing via signed-in user (webpostup@gmail.com)
[debug] [2025-04-01T09:06:16.656Z] [iam] checking project core-app-423c7 for permissions ["firebase.projects.get","firebaseextensions.instances.list"]
[debug] [2025-04-01T09:06:16.656Z] Checked if tokens are valid: true, expires at: 1743501820162
[debug] [2025-04-01T09:06:16.656Z] Checked if tokens are valid: true, expires at: 1743501820162
[debug] [2025-04-01T09:06:16.656Z] >>> [apiv2][query] POST https://cloudresourcemanager.googleapis.com/v1/projects/core-app-423c7:testIamPermissions [none]
[debug] [2025-04-01T09:06:16.656Z] >>> [apiv2][(partial)header] POST https://cloudresourcemanager.googleapis.com/v1/projects/core-app-423c7:testIamPermissions x-goog-quota-user=projects/core-app-423c7
[debug] [2025-04-01T09:06:16.656Z] >>> [apiv2][body] POST https://cloudresourcemanager.googleapis.com/v1/projects/core-app-423c7:testIamPermissions {"permissions":["firebase.projects.get","firebaseextensions.instances.list"]}
[debug] [2025-04-01T09:06:17.373Z] <<< [apiv2][status] POST https://cloudresourcemanager.googleapis.com/v1/projects/core-app-423c7:testIamPermissions 200
[debug] [2025-04-01T09:06:17.374Z] <<< [apiv2][body] POST https://cloudresourcemanager.googleapis.com/v1/projects/core-app-423c7:testIamPermissions {"permissions":["firebase.projects.get","firebaseextensions.instances.list"]}
[debug] [2025-04-01T09:06:17.374Z] Checked if tokens are valid: true, expires at: 1743501820162
[debug] [2025-04-01T09:06:17.374Z] Checked if tokens are valid: true, expires at: 1743501820162
[debug] [2025-04-01T09:06:17.375Z] >>> [apiv2][query] GET https://firebaseextensions.googleapis.com/v1beta/projects/core-app-423c7/instances pageSize=100&pageToken=
[debug] [2025-04-01T09:06:18.232Z] <<< [apiv2][status] GET https://firebaseextensions.googleapis.com/v1beta/projects/core-app-423c7/instances 200
[debug] [2025-04-01T09:06:18.232Z] <<< [apiv2][body] GET https://firebaseextensions.googleapis.com/v1beta/projects/core-app-423c7/instances {}
[info] i  functions: preparing functions directory for uploading... 
[info] i  functions: packaged /Users/macbookm3pro/Documents/GitHub/core/transport-platform/functions (59.59 KB) for uploading 
[info] i  functions: packaged /Users/macbookm3pro/Documents/GitHub/core/transport-platform/functions (59.9 KB) for uploading 
[debug] [2025-04-01T09:06:18.282Z] Checked if tokens are valid: true, expires at: 1743501820162
[debug] [2025-04-01T09:06:18.282Z] Checked if tokens are valid: true, expires at: 1743501820162
[debug] [2025-04-01T09:06:18.282Z] >>> [apiv2][query] GET https://cloudfunctions.googleapis.com/v1/projects/core-app-423c7/locations/-/functions [none]
[debug] [2025-04-01T09:06:18.914Z] <<< [apiv2][status] GET https://cloudfunctions.googleapis.com/v1/projects/core-app-423c7/locations/-/functions 200
[debug] [2025-04-01T09:06:18.914Z] <<< [apiv2][body] GET https://cloudfunctions.googleapis.com/v1/projects/core-app-423c7/locations/-/functions {"functions":[{"name":"projects/core-app-423c7/locations/europe-west1/functions/clearDatabase","httpsTrigger":{"url":"https://europe-west1-core-app-423c7.cloudfunctions.net/clearDatabase","securityLevel":"SECURE_ALWAYS"},"status":"ACTIVE","entryPoint":"clearDatabase","timeout":"60s","availableMemoryMb":256,"serviceAccountEmail":"core-app-423c7@appspot.gserviceaccount.com","updateTime":"2025-03-29T21:53:12.035907794Z","versionId":"17","labels":{"deployment-tool":"cli-firebase","deployment-callable":"true","firebase-functions-hash":"74b54cfb829a29747dfc0c86217ba1adf8f4788d"},"sourceUploadUrl":"https://storage.googleapis.com/uploads-176395417328.europe-west1.cloudfunctions.appspot.com/13c80093-0bb1-4e77-918e-feca0337aa8e.zip","environmentVariables":{"FIREBASE_CONFIG":"{\"projectId\":\"core-app-423c7\",\"databaseURL\":\"https://core-app-423c7-default-rtdb.europe-west1.firebasedatabase.app\",\"storageBucket\":\"core-app-423c7.firebasestorage.app\"}","GCLOUD_PROJECT":"core-app-423c7","EVENTARC_CLOUD_EVENT_SOURCE":"projects/core-app-423c7/locations/europe-west1/functions/clearDatabase"},"runtime":"nodejs20","ingressSettings":"ALLOW_ALL","buildId":"9b27caae-f434-4c02-959c-923bc4f741fa","buildEnvironmentVariables":{"GOOGLE_NODE_RUN_SCRIPTS":""},"buildName":"projects/869167769685/locations/europe-west1/builds/9b27caae-f434-4c02-959c-923bc4f741fa","dockerRegistry":"ARTIFACT_REGISTRY","automaticUpdatePolicy":{},"buildServiceAccount":"projects/core-app-423c7/serviceAccounts/869167769685-compute@developer.gserviceaccount.com"},{"name":"projects/core-app-423c7/locations/europe-west1/functions/sendInvitationEmail","httpsTrigger":{"url":"https://europe-west1-core-app-423c7.cloudfunctions.net/sendInvitationEmail","securityLevel":"SECURE_ALWAYS"},"status":"ACTIVE","entryPoint":"sendInvitationEmail","timeout":"60s","availableMemoryMb":256,"serviceAccountEmail":"core-app-423c7@appspot.gserviceaccount.com","updateTime":"2025-03-29T21:53:12.127250548Z","versionId":"18","labels":{"deployment-tool":"cli-firebase","deployment-callable":"true","firebase-functions-hash":"74b54cfb829a29747dfc0c86217ba1adf8f4788d"},"sourceUploadUrl":"https://storage.googleapis.com/uploads-176395417328.europe-west1.cloudfunctions.appspot.com/d75ce397-5341-4947-8952-d35b32092aaa.zip","environmentVariables":{"FIREBASE_CONFIG":"{\"projectId\":\"core-app-423c7\",\"databaseURL\":\"https://core-app-423c7-default-rtdb.europe-west1.firebasedatabase.app\",\"storageBucket\":\"core-app-423c7.firebasestorage.app\"}","GCLOUD_PROJECT":"core-app-423c7","EVENTARC_CLOUD_EVENT_SOURCE":"projects/core-app-423c7/locations/europe-west1/functions/sendInvitationEmail"},"runtime":"nodejs20","ingressSettings":"ALLOW_ALL","buildId":"b6d90538-c53d-41ae-a002-b9c56c3e57ea","buildEnvironmentVariables":{"GOOGLE_NODE_RUN_SCRIPTS":""},"buildName":"projects/869167769685/locations/europe-west1/builds/b6d90538-c53d-41ae-a002-b9c56c3e57ea","dockerRegistry":"ARTIFACT_REGISTRY","automaticUpdatePolicy":{},"buildServiceAccount":"projects/core-app-423c7/serviceAccounts/869167769685-compute@developer.gserviceaccount.com"},{"name":"projects/core-app-423c7/locations/europe-west1/functions/updateExistingRecords","httpsTrigger":{"url":"https://europe-west1-core-app-423c7.cloudfunctions.net/updateExistingRecords","securityLevel":"SECURE_ALWAYS"},"status":"ACTIVE","entryPoint":"updateExistingRecords","timeout":"60s","availableMemoryMb":256,"serviceAccountEmail":"core-app-423c7@appspot.gserviceaccount.com","updateTime":"2025-03-29T21:53:12.103413984Z","versionId":"17","labels":{"deployment-tool":"cli-firebase","deployment-callable":"true","firebase-functions-hash":"74b54cfb829a29747dfc0c86217ba1adf8f4788d"},"sourceUploadUrl":"https://storage.googleapis.com/uploads-176395417328.europe-west1.cloudfunctions.appspot.com/d75ce397-5341-4947-8952-d35b32092aaa.zip","environmentVariables":{"FIREBASE_CONFIG":"{\"projectId\":\"core-app-423c7\",\"databaseURL\":\"https://core-app-423c7-default-rtdb.europe-west1.firebasedatabase.app\",\"storageBucket\":\"core-app-423c7.firebasestorage.app\"}","GCLOUD_PROJECT":"core-app-423c7","EVENTARC_CLOUD_EVENT_SOURCE":"projects/core-app-423c7/locations/europe-west1/functions/updateExistingRecords"},"runtime":"nodejs20","ingressSettings":"ALLOW_ALL","buildId":"b6d90538-c53d-41ae-a002-b9c56c3e57ea","buildEnvironmentVariables":{"GOOGLE_NODE_RUN_SCRIPTS":""},"buildName":"projects/869167769685/locations/europe-west1/builds/b6d90538-c53d-41ae-a002-b9c56c3e57ea","dockerRegistry":"ARTIFACT_REGISTRY","automaticUpdatePolicy":{},"buildServiceAccount":"projects/core-app-423c7/serviceAccounts/869167769685-compute@developer.gserviceaccount.com"},{"name":"projects/core-app-423c7/locations/europe-west1/functions/checkBusinessCaseReminders","eventTrigger":{"eventType":"google.pubsub.topic.publish","resource":"projects/core-app-423c7/topics/firebase-schedule-checkBusinessCaseReminders-europe-west1","service":"pubsub.googleapis.com","failurePolicy":{}},"status":"ACTIVE","entryPoint":"checkBusinessCaseReminders","timeout":"60s","availableMemoryMb":256,"serviceAccountEmail":"core-app-423c7@appspot.gserviceaccount.com","updateTime":"2025-04-01T08:34:19.461Z","versionId":"38","labels":{"deployment-scheduled":"true","firebase-functions-hash":"2d8501ec521f6cd5d32aec15f227c55b49056558","deployment-tool":"cli-firebase"},"sourceUploadUrl":"https://storage.googleapis.com/uploads-176395417328.europe-west1.cloudfunctions.appspot.com/4adf2d39-82b4-4fa8-9f16-451cacd88f00.zip","environmentVariables":{"FIREBASE_CONFIG":"{\"projectId\":\"core-app-423c7\",\"databaseURL\":\"https://core-app-423c7-default-rtdb.europe-west1.firebasedatabase.app\",\"storageBucket\":\"core-app-423c7.firebasestorage.app\"}","GCLOUD_PROJECT":"core-app-423c7","EVENTARC_CLOUD_EVENT_SOURCE":"projects/core-app-423c7/locations/europe-west1/functions/checkBusinessCaseReminders"},"runtime":"nodejs20","maxInstances":3000,"ingressSettings":"ALLOW_ALL","buildId":"1152647a-40f1-4933-b783-ab7e75a7ee24","buildEnvironmentVariables":{"GOOGLE_NODE_RUN_SCRIPTS":""},"buildName":"projects/869167769685/locations/europe-west1/builds/1152647a-40f1-4933-b783-ab7e75a7ee24","dockerRegistry":"ARTIFACT_REGISTRY","automaticUpdatePolicy":{},"buildServiceAccount":"projects/core-app-423c7/serviceAccounts/869167769685-compute@developer.gserviceaccount.com"},{"name":"projects/core-app-423c7/locations/europe-west1/functions/logFunctionMetrics","eventTrigger":{"eventType":"google.pubsub.topic.publish","resource":"projects/core-app-423c7/topics/firebase-schedule-logFunctionMetrics-europe-west1","service":"pubsub.googleapis.com","failurePolicy":{}},"status":"ACTIVE","entryPoint":"logFunctionMetrics","timeout":"60s","availableMemoryMb":256,"serviceAccountEmail":"core-app-423c7@appspot.gserviceaccount.com","updateTime":"2025-03-29T21:53:12.149134107Z","versionId":"37","labels":{"firebase-functions-hash":"74b54cfb829a29747dfc0c86217ba1adf8f4788d","deployment-tool":"cli-firebase","deployment-scheduled":"true"},"sourceUploadUrl":"https://storage.googleapis.com/uploads-176395417328.europe-west1.cloudfunctions.appspot.com/d75ce397-5341-4947-8952-d35b32092aaa.zip","environmentVariables":{"FIREBASE_CONFIG":"{\"projectId\":\"core-app-423c7\",\"databaseURL\":\"https://core-app-423c7-default-rtdb.europe-west1.firebasedatabase.app\",\"storageBucket\":\"core-app-423c7.firebasestorage.app\"}","GCLOUD_PROJECT":"core-app-423c7","EVENTARC_CLOUD_EVENT_SOURCE":"projects/core-app-423c7/locations/europe-west1/functions/logFunctionMetrics"},"runtime":"nodejs20","maxInstances":3000,"ingressSettings":"ALLOW_ALL","buildId":"b6d90538-c53d-41ae-a002-b9c56c3e57ea","buildEnvironmentVariables":{"GOOGLE_NODE_RUN_SCRIPTS":""},"buildName":"projects/869167769685/locations/europe-west1/builds/b6d90538-c53d-41ae-a002-b9c56c3e57ea","dockerRegistry":"ARTIFACT_REGISTRY","automaticUpdatePolicy":{},"buildServiceAccount":"projects/core-app-423c7/serviceAccounts/869167769685-compute@developer.gserviceaccount.com"},{"name":"projects/core-app-423c7/locations/europe-west1/functions/checkTransportNotifications","eventTrigger":{"eventType":"google.pubsub.topic.publish","resource":"projects/core-app-423c7/topics/firebase-schedule-checkTransportNotifications-europe-west1","service":"pubsub.googleapis.com","failurePolicy":{}},"status":"ACTIVE","entryPoint":"checkTransportNotifications","timeout":"60s","availableMemoryMb":256,"serviceAccountEmail":"core-app-423c7@appspot.gserviceaccount.com","updateTime":"2025-03-29T21:53:12.255744935Z","versionId":"37","labels":{"deployment-tool":"cli-firebase","deployment-scheduled":"true","firebase-functions-hash":"74b54cfb829a29747dfc0c86217ba1adf8f4788d"},"sourceUploadUrl":"https://storage.googleapis.com/uploads-176395417328.europe-west1.cloudfunctions.appspot.com/d75ce397-5341-4947-8952-d35b32092aaa.zip","environmentVariables":{"FIREBASE_CONFIG":"{\"projectId\":\"core-app-423c7\",\"databaseURL\":\"https://core-app-423c7-default-rtdb.europe-west1.firebasedatabase.app\",\"storageBucket\":\"core-app-423c7.firebasestorage.app\"}","GCLOUD_PROJECT":"core-app-423c7","EVENTARC_CLOUD_EVENT_SOURCE":"projects/core-app-423c7/locations/europe-west1/functions/checkTransportNotifications"},"runtime":"nodejs20","maxInstances":3000,"ingressSettings":"ALLOW_ALL","buildId":"b6d90538-c53d-41ae-a002-b9c56c3e57ea","buildEnvironmentVariables":{"GOOGLE_NODE_RUN_SCRIPTS":""},"buildName":"projects/869167769685/locations/europe-west1/builds/b6d90538-c53d-41ae-a002-b9c56c3e57ea","dockerRegistry":"ARTIFACT_REGISTRY","automaticUpdatePolicy":{},"buildServiceAccount":"projects/core-app-423c7/serviceAccounts/869167769685-compute@developer.gserviceaccount.com"}]}
[debug] [2025-04-01T09:06:18.915Z] Checked if tokens are valid: true, expires at: 1743501820162
[debug] [2025-04-01T09:06:18.915Z] Checked if tokens are valid: true, expires at: 1743501820162
[debug] [2025-04-01T09:06:18.915Z] >>> [apiv2][query] GET https://cloudfunctions.googleapis.com/v2/projects/core-app-423c7/locations/-/functions filter=environment%3D%22GEN_2%22
[debug] [2025-04-01T09:06:19.942Z] <<< [apiv2][status] GET https://cloudfunctions.googleapis.com/v2/projects/core-app-423c7/locations/-/functions 200
[debug] [2025-04-01T09:06:19.942Z] <<< [apiv2][body] GET https://cloudfunctions.googleapis.com/v2/projects/core-app-423c7/locations/-/functions {"functions":[{"name":"projects/core-app-423c7/locations/us-central1/functions/updateVehicleLocation","buildConfig":{"build":"projects/869167769685/locations/us-central1/builds/121fbd7c-0c7f-49d8-8cf2-ef1f878e9dbb","runtime":"nodejs20","entryPoint":"updateVehicleLocation","source":{"storageSource":{"bucket":"gcf-v2-sources-869167769685-us-central1","object":"updateVehicleLocation/function-source.zip","generation":"1743195448744422"}},"environmentVariables":{"GOOGLE_NODE_RUN_SCRIPTS":""},"dockerRepository":"projects/core-app-423c7/locations/us-central1/repositories/gcf-artifacts","sourceProvenance":{"resolvedStorageSource":{"bucket":"gcf-v2-sources-869167769685-us-central1","object":"updateVehicleLocation/function-source.zip","generation":"1743195448744422"}},"dockerRegistry":"ARTIFACT_REGISTRY","serviceAccount":"projects/core-app-423c7/serviceAccounts/869167769685-compute@developer.gserviceaccount.com","automaticUpdatePolicy":{}},"serviceConfig":{"service":"projects/core-app-423c7/locations/us-central1/services/updatevehiclelocation","timeoutSeconds":60,"environmentVariables":{"FIREBASE_CONFIG":"{\"projectId\":\"core-app-423c7\",\"databaseURL\":\"https://core-app-423c7-default-rtdb.europe-west1.firebasedatabase.app\",\"storageBucket\":\"core-app-423c7.firebasestorage.app\"}","GCLOUD_PROJECT":"core-app-423c7","EVENTARC_CLOUD_EVENT_SOURCE":"projects/core-app-423c7/locations/us-central1/services/updateVehicleLocation","FUNCTION_TARGET":"updateVehicleLocation","LOG_EXECUTION_ID":"true"},"maxInstanceCount":100,"ingressSettings":"ALLOW_ALL","uri":"https://updatevehiclelocation-2zo7jyvr5q-uc.a.run.app","serviceAccountEmail":"869167769685-compute@developer.gserviceaccount.com","availableMemory":"256Mi","allTrafficOnLatestRevision":true,"revision":"updatevehiclelocation-00001-rox","maxInstanceRequestConcurrency":80,"availableCpu":"1"},"state":"ACTIVE","updateTime":"2025-03-29T21:53:11.901160639Z","labels":{"deployment-tool":"cli-firebase","firebase-functions-hash":"1d8c6f1cbea531dbeb57b9176a1e229a22801ea8"},"environment":"GEN_2","url":"https://us-central1-core-app-423c7.cloudfunctions.net/updateVehicleLocation","createTime":"2025-03-28T20:57:28.977509349Z","satisfiesPzi":true}]}
[info] i  functions: ensuring required API cloudscheduler.googleapis.com is enabled... 
[debug] [2025-04-01T09:06:19.945Z] Checked if tokens are valid: true, expires at: 1743501820162
[debug] [2025-04-01T09:06:19.945Z] Checked if tokens are valid: true, expires at: 1743501820162
[debug] [2025-04-01T09:06:19.945Z] >>> [apiv2][query] GET https://serviceusage.googleapis.com/v1/projects/core-app-423c7/services/cloudscheduler.googleapis.com [none]
[debug] [2025-04-01T09:06:19.946Z] >>> [apiv2][(partial)header] GET https://serviceusage.googleapis.com/v1/projects/core-app-423c7/services/cloudscheduler.googleapis.com x-goog-quota-user=projects/core-app-423c7
[debug] [2025-04-01T09:06:20.308Z] <<< [apiv2][status] GET https://serviceusage.googleapis.com/v1/projects/core-app-423c7/services/cloudscheduler.googleapis.com 200
[debug] [2025-04-01T09:06:20.308Z] <<< [apiv2][body] GET https://serviceusage.googleapis.com/v1/projects/core-app-423c7/services/cloudscheduler.googleapis.com [omitted]
[info] ✔  functions: required API cloudscheduler.googleapis.com is enabled 
[info] i  functions: ensuring required API run.googleapis.com is enabled... 
[debug] [2025-04-01T09:06:20.308Z] Checked if tokens are valid: true, expires at: 1743501820162
[debug] [2025-04-01T09:06:20.308Z] Checked if tokens are valid: true, expires at: 1743501820162
[info] i  functions: ensuring required API eventarc.googleapis.com is enabled... 
[debug] [2025-04-01T09:06:20.308Z] Checked if tokens are valid: true, expires at: 1743501820162
[debug] [2025-04-01T09:06:20.309Z] Checked if tokens are valid: true, expires at: 1743501820162
[info] i  functions: ensuring required API pubsub.googleapis.com is enabled... 
[debug] [2025-04-01T09:06:20.309Z] Checked if tokens are valid: true, expires at: 1743501820162
[debug] [2025-04-01T09:06:20.309Z] Checked if tokens are valid: true, expires at: 1743501820162
[info] i  functions: ensuring required API storage.googleapis.com is enabled... 
[debug] [2025-04-01T09:06:20.309Z] Checked if tokens are valid: true, expires at: 1743501820162
[debug] [2025-04-01T09:06:20.309Z] Checked if tokens are valid: true, expires at: 1743501820162
[debug] [2025-04-01T09:06:20.309Z] >>> [apiv2][query] GET https://serviceusage.googleapis.com/v1/projects/core-app-423c7/services/run.googleapis.com [none]
[debug] [2025-04-01T09:06:20.309Z] >>> [apiv2][(partial)header] GET https://serviceusage.googleapis.com/v1/projects/core-app-423c7/services/run.googleapis.com x-goog-quota-user=projects/core-app-423c7
[debug] [2025-04-01T09:06:20.309Z] >>> [apiv2][query] GET https://serviceusage.googleapis.com/v1/projects/core-app-423c7/services/eventarc.googleapis.com [none]
[debug] [2025-04-01T09:06:20.309Z] >>> [apiv2][(partial)header] GET https://serviceusage.googleapis.com/v1/projects/core-app-423c7/services/eventarc.googleapis.com x-goog-quota-user=projects/core-app-423c7
[debug] [2025-04-01T09:06:20.310Z] >>> [apiv2][query] GET https://serviceusage.googleapis.com/v1/projects/core-app-423c7/services/pubsub.googleapis.com [none]
[debug] [2025-04-01T09:06:20.310Z] >>> [apiv2][(partial)header] GET https://serviceusage.googleapis.com/v1/projects/core-app-423c7/services/pubsub.googleapis.com x-goog-quota-user=projects/core-app-423c7
[debug] [2025-04-01T09:06:20.311Z] >>> [apiv2][query] GET https://serviceusage.googleapis.com/v1/projects/core-app-423c7/services/storage.googleapis.com [none]
[debug] [2025-04-01T09:06:20.311Z] >>> [apiv2][(partial)header] GET https://serviceusage.googleapis.com/v1/projects/core-app-423c7/services/storage.googleapis.com x-goog-quota-user=projects/core-app-423c7
[debug] [2025-04-01T09:06:20.689Z] <<< [apiv2][status] GET https://serviceusage.googleapis.com/v1/projects/core-app-423c7/services/eventarc.googleapis.com 200
[debug] [2025-04-01T09:06:20.690Z] <<< [apiv2][body] GET https://serviceusage.googleapis.com/v1/projects/core-app-423c7/services/eventarc.googleapis.com [omitted]
[info] ✔  functions: required API eventarc.googleapis.com is enabled 
[debug] [2025-04-01T09:06:20.850Z] <<< [apiv2][status] GET https://serviceusage.googleapis.com/v1/projects/core-app-423c7/services/run.googleapis.com 200
[debug] [2025-04-01T09:06:20.850Z] <<< [apiv2][body] GET https://serviceusage.googleapis.com/v1/projects/core-app-423c7/services/run.googleapis.com [omitted]
[info] ✔  functions: required API run.googleapis.com is enabled 
[debug] [2025-04-01T09:06:21.213Z] <<< [apiv2][status] GET https://serviceusage.googleapis.com/v1/projects/core-app-423c7/services/pubsub.googleapis.com 200
[debug] [2025-04-01T09:06:21.213Z] <<< [apiv2][body] GET https://serviceusage.googleapis.com/v1/projects/core-app-423c7/services/pubsub.googleapis.com [omitted]
[info] ✔  functions: required API pubsub.googleapis.com is enabled 
[debug] [2025-04-01T09:06:21.260Z] <<< [apiv2][status] GET https://serviceusage.googleapis.com/v1/projects/core-app-423c7/services/storage.googleapis.com 200
[debug] [2025-04-01T09:06:21.261Z] <<< [apiv2][body] GET https://serviceusage.googleapis.com/v1/projects/core-app-423c7/services/storage.googleapis.com [omitted]
[info] ✔  functions: required API storage.googleapis.com is enabled 
[info] i  functions: generating the service identity for pubsub.googleapis.com... 
[debug] [2025-04-01T09:06:21.261Z] Checked if tokens are valid: true, expires at: 1743501820162
[debug] [2025-04-01T09:06:21.261Z] Checked if tokens are valid: true, expires at: 1743501820162
[info] i  functions: generating the service identity for eventarc.googleapis.com... 
[debug] [2025-04-01T09:06:21.261Z] Checked if tokens are valid: true, expires at: 1743501820162
[debug] [2025-04-01T09:06:21.262Z] Checked if tokens are valid: true, expires at: 1743501820162
[debug] [2025-04-01T09:06:21.262Z] >>> [apiv2][query] POST https://serviceusage.googleapis.com/v1beta1/projects/869167769685/services/pubsub.googleapis.com:generateServiceIdentity [none]
[debug] [2025-04-01T09:06:21.262Z] >>> [apiv2][query] POST https://serviceusage.googleapis.com/v1beta1/projects/869167769685/services/eventarc.googleapis.com:generateServiceIdentity [none]
[debug] [2025-04-01T09:06:21.789Z] <<< [apiv2][status] POST https://serviceusage.googleapis.com/v1beta1/projects/869167769685/services/eventarc.googleapis.com:generateServiceIdentity 200
[debug] [2025-04-01T09:06:21.790Z] <<< [apiv2][body] POST https://serviceusage.googleapis.com/v1beta1/projects/869167769685/services/eventarc.googleapis.com:generateServiceIdentity {"name":"operations/finished.DONE_OPERATION","done":true,"response":{"@type":"type.googleapis.com/google.api.serviceusage.v1beta1.ServiceIdentity","email":"service-869167769685@gcp-sa-eventarc.iam.gserviceaccount.com","uniqueId":"110613612494662353374"}}
[debug] [2025-04-01T09:06:22.144Z] <<< [apiv2][status] POST https://serviceusage.googleapis.com/v1beta1/projects/869167769685/services/pubsub.googleapis.com:generateServiceIdentity 200
[debug] [2025-04-01T09:06:22.144Z] <<< [apiv2][body] POST https://serviceusage.googleapis.com/v1beta1/projects/869167769685/services/pubsub.googleapis.com:generateServiceIdentity {"name":"operations/finished.DONE_OPERATION","done":true,"response":{"@type":"type.googleapis.com/google.api.serviceusage.v1beta1.ServiceIdentity","email":"service-869167769685@gcp-sa-pubsub.iam.gserviceaccount.com","uniqueId":"105006806722236682961"}}
[debug] [2025-04-01T09:06:22.146Z] Checked if tokens are valid: true, expires at: 1743501820162
[debug] [2025-04-01T09:06:22.146Z] Checked if tokens are valid: true, expires at: 1743501820162
[debug] [2025-04-01T09:06:22.146Z] >>> [apiv2][query] GET https://cloudresourcemanager.googleapis.com/v1/projects/core-app-423c7 [none]
[debug] [2025-04-01T09:06:22.351Z] <<< [apiv2][status] GET https://cloudresourcemanager.googleapis.com/v1/projects/core-app-423c7 200
[debug] [2025-04-01T09:06:22.351Z] <<< [apiv2][body] GET https://cloudresourcemanager.googleapis.com/v1/projects/core-app-423c7 {"projectNumber":"869167769685","projectId":"core-app-423c7","lifecycleState":"ACTIVE","name":"core-app","labels":{"firebase":"enabled","firebase-core":"disabled"},"createTime":"2025-03-23T09:54:58.346881Z"}
[debug] [2025-04-01T09:06:22.353Z] Checked if tokens are valid: true, expires at: 1743501820162
[debug] [2025-04-01T09:06:22.353Z] Checked if tokens are valid: true, expires at: 1743501820162
[debug] [2025-04-01T09:06:22.353Z] >>> [apiv2][query] GET https://cloudbilling.googleapis.com/v1/projects/core-app-423c7/billingInfo [none]
[debug] [2025-04-01T09:06:23.066Z] <<< [apiv2][status] GET https://cloudbilling.googleapis.com/v1/projects/core-app-423c7/billingInfo 200
[debug] [2025-04-01T09:06:23.066Z] <<< [apiv2][body] GET https://cloudbilling.googleapis.com/v1/projects/core-app-423c7/billingInfo {"name":"projects/core-app-423c7/billingInfo","projectId":"core-app-423c7","billingAccountName":"billingAccounts/01CE20-21E6A6-784DAA","billingEnabled":true}
[debug] [2025-04-01T09:06:23.067Z] Checked if tokens are valid: true, expires at: 1743501820162
[debug] [2025-04-01T09:06:23.067Z] Checked if tokens are valid: true, expires at: 1743501820162
[debug] [2025-04-01T09:06:23.067Z] Checked if tokens are valid: true, expires at: 1743501820162
[debug] [2025-04-01T09:06:23.067Z] Checked if tokens are valid: true, expires at: 1743501820162
[debug] [2025-04-01T09:06:23.068Z] >>> [apiv2][query] POST https://cloudfunctions.googleapis.com/v1/projects/core-app-423c7/locations/europe-west1/functions:generateUploadUrl [none]
[debug] [2025-04-01T09:06:23.068Z] >>> [apiv2][body] POST https://cloudfunctions.googleapis.com/v1/projects/core-app-423c7/locations/europe-west1/functions:generateUploadUrl {}
[debug] [2025-04-01T09:06:23.068Z] >>> [apiv2][query] POST https://cloudfunctions.googleapis.com/v2/projects/core-app-423c7/locations/us-central1/functions:generateUploadUrl [none]
[debug] [2025-04-01T09:06:23.742Z] <<< [apiv2][status] POST https://cloudfunctions.googleapis.com/v1/projects/core-app-423c7/locations/europe-west1/functions:generateUploadUrl 200
[debug] [2025-04-01T09:06:23.743Z] <<< [apiv2][body] POST https://cloudfunctions.googleapis.com/v1/projects/core-app-423c7/locations/europe-west1/functions:generateUploadUrl {"uploadUrl":"https://storage.googleapis.com/uploads-176395417328.europe-west1.cloudfunctions.appspot.com/297c7248-5758-4566-bc72-82bb90c02432.zip?GoogleAccessId=service-869167769685@gcf-admin-robot.iam.gserviceaccount.com&Expires=1743500183&Signature=N5cof3RkzBKFonqUNBeJvxiEdi%2BADR4S7RpBBs018ugsRgSoEgcc8NTz8O56Jvuq5inWqV9rIk1uGRorLZ9879NbpQF5Y%2FTnyVEwOuRAxkkdLFOIAZacDl8YGfsWY7mr3n8kSO8cy%2FIhtDCKSG96Ur9rw1mNnSMw2sxF%2F9yKw0o%2Fut%2FvYe9FOFxYflihdBKO9Ji05eqhVEtQoczPYKttGIphhz%2Be9B6iyRWtFesNNfccbXGhhAUIlfAKUgUKQluXbI%2BnwBqkFuAFBXOGDPXo8LJ22FY9XQPy9lx1dFRiGAelJG4vk9QcbsuOzMKDw25yf8eW43eD1WPWvATB0mUYEw%3D%3D"}
[debug] [2025-04-01T09:06:23.744Z] >>> [apiv2][query] PUT https://storage.googleapis.com/uploads-176395417328.europe-west1.cloudfunctions.appspot.com/297c7248-5758-4566-bc72-82bb90c02432.zip GoogleAccessId=service-869167769685%40gcf-admin-robot.iam.gserviceaccount.com&Expires=1743500183&Signature=N5cof3RkzBKFonqUNBeJvxiEdi%2BADR4S7RpBBs018ugsRgSoEgcc8NTz8O56Jvuq5inWqV9rIk1uGRorLZ9879NbpQF5Y%2FTnyVEwOuRAxkkdLFOIAZacDl8YGfsWY7mr3n8kSO8cy%2FIhtDCKSG96Ur9rw1mNnSMw2sxF%2F9yKw0o%2Fut%2FvYe9FOFxYflihdBKO9Ji05eqhVEtQoczPYKttGIphhz%2Be9B6iyRWtFesNNfccbXGhhAUIlfAKUgUKQluXbI%2BnwBqkFuAFBXOGDPXo8LJ22FY9XQPy9lx1dFRiGAelJG4vk9QcbsuOzMKDw25yf8eW43eD1WPWvATB0mUYEw%3D%3D
[debug] [2025-04-01T09:06:23.744Z] >>> [apiv2][body] PUT https://storage.googleapis.com/uploads-176395417328.europe-west1.cloudfunctions.appspot.com/297c7248-5758-4566-bc72-82bb90c02432.zip [stream]
[debug] [2025-04-01T09:06:23.905Z] <<< [apiv2][status] POST https://cloudfunctions.googleapis.com/v2/projects/core-app-423c7/locations/us-central1/functions:generateUploadUrl 200
[debug] [2025-04-01T09:06:23.906Z] <<< [apiv2][body] POST https://cloudfunctions.googleapis.com/v2/projects/core-app-423c7/locations/us-central1/functions:generateUploadUrl {"uploadUrl":"https://storage.googleapis.com/gcf-v2-uploads-869167769685.us-central1.cloudfunctions.appspot.com/72ddec32-f109-4341-aa68-909fa9c3ca5e.zip?GoogleAccessId=service-869167769685@gcf-admin-robot.iam.gserviceaccount.com&Expires=1743500183&Signature=C7CkZdiO3NhGMbwa8yb0%2BEFjMfgYH0NtnIvnfXLet%2BAa7Em8bJVcF2U2s1DD5L7OS1T6EZgzu6QmWp5GRMp1MRtn6HQYd8zupZwU6ud36p%2Fd1G7TyZhORSO%2FT5IjRdVLKMdfN35EWCGRSSgPwMukZBNfcnys%2FBQT%2F6sL6zbQ2gc%2BHz0VTw9vzZAC%2Fkx1Q2kixbEL2rYARq5NpswqJ1d49zzCPVHLi7IUU5pR4joVlR1cpKgfzIJNYxMCSqjXa12IIrvVXcc4IONVBPfwivIFxk46aHFAcUir%2FkNBsFWFiyQy0P87LSh3reGjZUkVPI2hadqqchlCqJQ5F0OTECAwfg%3D%3D","storageSource":{"bucket":"gcf-v2-uploads-869167769685.us-central1.cloudfunctions.appspot.com","object":"72ddec32-f109-4341-aa68-909fa9c3ca5e.zip"}}
[debug] [2025-04-01T09:06:23.906Z] >>> [apiv2][query] PUT https://storage.googleapis.com/gcf-v2-uploads-869167769685.us-central1.cloudfunctions.appspot.com/72ddec32-f109-4341-aa68-909fa9c3ca5e.zip GoogleAccessId=service-869167769685%40gcf-admin-robot.iam.gserviceaccount.com&Expires=1743500183&Signature=C7CkZdiO3NhGMbwa8yb0%2BEFjMfgYH0NtnIvnfXLet%2BAa7Em8bJVcF2U2s1DD5L7OS1T6EZgzu6QmWp5GRMp1MRtn6HQYd8zupZwU6ud36p%2Fd1G7TyZhORSO%2FT5IjRdVLKMdfN35EWCGRSSgPwMukZBNfcnys%2FBQT%2F6sL6zbQ2gc%2BHz0VTw9vzZAC%2Fkx1Q2kixbEL2rYARq5NpswqJ1d49zzCPVHLi7IUU5pR4joVlR1cpKgfzIJNYxMCSqjXa12IIrvVXcc4IONVBPfwivIFxk46aHFAcUir%2FkNBsFWFiyQy0P87LSh3reGjZUkVPI2hadqqchlCqJQ5F0OTECAwfg%3D%3D
[debug] [2025-04-01T09:06:23.906Z] >>> [apiv2][body] PUT https://storage.googleapis.com/gcf-v2-uploads-869167769685.us-central1.cloudfunctions.appspot.com/72ddec32-f109-4341-aa68-909fa9c3ca5e.zip [stream]
[debug] [2025-04-01T09:06:23.921Z] <<< [apiv2][status] PUT https://storage.googleapis.com/uploads-176395417328.europe-west1.cloudfunctions.appspot.com/297c7248-5758-4566-bc72-82bb90c02432.zip 200
[debug] [2025-04-01T09:06:23.921Z] <<< [apiv2][body] PUT https://storage.googleapis.com/uploads-176395417328.europe-west1.cloudfunctions.appspot.com/297c7248-5758-4566-bc72-82bb90c02432.zip [omitted]
[debug] [2025-04-01T09:06:24.382Z] <<< [apiv2][status] PUT https://storage.googleapis.com/gcf-v2-uploads-869167769685.us-central1.cloudfunctions.appspot.com/72ddec32-f109-4341-aa68-909fa9c3ca5e.zip 200
[debug] [2025-04-01T09:06:24.382Z] <<< [apiv2][body] PUT https://storage.googleapis.com/gcf-v2-uploads-869167769685.us-central1.cloudfunctions.appspot.com/72ddec32-f109-4341-aa68-909fa9c3ca5e.zip [omitted]
[info] ✔  functions: functions folder uploaded successfully 
[info] i  functions: updating Node.js 20 (1st Gen) function checkBusinessCaseReminders(europe-west1)... 
[debug] [2025-04-01T09:06:24.387Z] Checked if tokens are valid: true, expires at: 1743501820162
[debug] [2025-04-01T09:06:24.387Z] Checked if tokens are valid: true, expires at: 1743501820162
[debug] [2025-04-01T09:06:24.387Z] >>> [apiv2][query] PATCH https://cloudfunctions.googleapis.com/v1/projects/core-app-423c7/locations/europe-west1/functions/checkBusinessCaseReminders updateMask=name%2CsourceUploadUrl%2CentryPoint%2Cruntime%2CdockerRegistry%2Clabels%2CeventTrigger.eventType%2CeventTrigger.resource%2CminInstances%2CmaxInstances%2CingressSettings%2CenvironmentVariables%2CserviceAccountEmail%2CavailableMemoryMb%2Ctimeout%2CvpcConnector%2CvpcConnectorEgressSettings%2CsourceToken%2CbuildEnvironmentVariables
[debug] [2025-04-01T09:06:24.387Z] >>> [apiv2][body] PATCH https://cloudfunctions.googleapis.com/v1/projects/core-app-423c7/locations/europe-west1/functions/checkBusinessCaseReminders {"name":"projects/core-app-423c7/locations/europe-west1/functions/checkBusinessCaseReminders","sourceUploadUrl":"https://storage.googleapis.com/uploads-176395417328.europe-west1.cloudfunctions.appspot.com/297c7248-5758-4566-bc72-82bb90c02432.zip?GoogleAccessId=service-869167769685@gcf-admin-robot.iam.gserviceaccount.com&Expires=1743500183&Signature=N5cof3RkzBKFonqUNBeJvxiEdi%2BADR4S7RpBBs018ugsRgSoEgcc8NTz8O56Jvuq5inWqV9rIk1uGRorLZ9879NbpQF5Y%2FTnyVEwOuRAxkkdLFOIAZacDl8YGfsWY7mr3n8kSO8cy%2FIhtDCKSG96Ur9rw1mNnSMw2sxF%2F9yKw0o%2Fut%2FvYe9FOFxYflihdBKO9Ji05eqhVEtQoczPYKttGIphhz%2Be9B6iyRWtFesNNfccbXGhhAUIlfAKUgUKQluXbI%2BnwBqkFuAFBXOGDPXo8LJ22FY9XQPy9lx1dFRiGAelJG4vk9QcbsuOzMKDw25yf8eW43eD1WPWvATB0mUYEw%3D%3D","entryPoint":"checkBusinessCaseReminders","runtime":"nodejs20","dockerRegistry":"ARTIFACT_REGISTRY","labels":{"deployment-tool":"cli-firebase","deployment-scheduled":"true","firebase-functions-hash":"2d8501ec521f6cd5d32aec15f227c55b49056558"},"eventTrigger":{"eventType":"google.pubsub.topic.publish","resource":"projects/core-app-423c7/topics/firebase-schedule-checkBusinessCaseReminders-europe-west1"},"minInstances":null,"maxInstances":null,"ingressSettings":null,"environmentVariables":{"FIREBASE_CONFIG":"{\"projectId\":\"core-app-423c7\",\"databaseURL\":\"https://core-app-423c7-default-rtdb.europe-west1.firebasedatabase.app\",\"storageBucket\":\"core-app-423c7.firebasestorage.app\"}","GCLOUD_PROJECT":"core-app-423c7","EVENTARC_CLOUD_EVENT_SOURCE":"projects/core-app-423c7/locations/europe-west1/functions/checkBusinessCaseReminders"},"serviceAccountEmail":null,"availableMemoryMb":null,"timeout":null,"vpcConnector":null,"vpcConnectorEgressSettings":null,"buildEnvironmentVariables":{"GOOGLE_NODE_RUN_SCRIPTS":""}}
[debug] [2025-04-01T09:06:24.936Z] <<< [apiv2][status] PATCH https://cloudfunctions.googleapis.com/v1/projects/core-app-423c7/locations/europe-west1/functions/checkBusinessCaseReminders 200
[debug] [2025-04-01T09:06:24.936Z] <<< [apiv2][body] PATCH https://cloudfunctions.googleapis.com/v1/projects/core-app-423c7/locations/europe-west1/functions/checkBusinessCaseReminders {"name":"operations/Y29yZS1hcHAtNDIzYzcvZXVyb3BlLXdlc3QxL2NoZWNrQnVzaW5lc3NDYXNlUmVtaW5kZXJzL0FuaFVMamp1RkRv","metadata":{"@type":"type.googleapis.com/google.cloud.functions.v1.OperationMetadataV1","target":"projects/core-app-423c7/locations/europe-west1/functions/checkBusinessCaseReminders","type":"UPDATE_FUNCTION","request":{"@type":"type.googleapis.com/google.cloud.functions.v1.CloudFunction","name":"projects/core-app-423c7/locations/europe-west1/functions/checkBusinessCaseReminders","eventTrigger":{"eventType":"google.pubsub.topic.publish","resource":"projects/core-app-423c7/topics/firebase-schedule-checkBusinessCaseReminders-europe-west1","service":"pubsub.googleapis.com","failurePolicy":{}},"status":"ACTIVE","entryPoint":"checkBusinessCaseReminders","updateTime":"2025-04-01T08:34:19.461Z","versionId":"38","labels":{"deployment-tool":"cli-firebase","deployment-scheduled":"true","firebase-functions-hash":"2d8501ec521f6cd5d32aec15f227c55b49056558"},"sourceUploadUrl":"https://storage.googleapis.com/uploads-176395417328.europe-west1.cloudfunctions.appspot.com/297c7248-5758-4566-bc72-82bb90c02432.zip?GoogleAccessId=service-869167769685@gcf-admin-robot.iam.gserviceaccount.com&Expires=1743500183&Signature=N5cof3RkzBKFonqUNBeJvxiEdi%2BADR4S7RpBBs018ugsRgSoEgcc8NTz8O56Jvuq5inWqV9rIk1uGRorLZ9879NbpQF5Y%2FTnyVEwOuRAxkkdLFOIAZacDl8YGfsWY7mr3n8kSO8cy%2FIhtDCKSG96Ur9rw1mNnSMw2sxF%2F9yKw0o%2Fut%2FvYe9FOFxYflihdBKO9Ji05eqhVEtQoczPYKttGIphhz%2Be9B6iyRWtFesNNfccbXGhhAUIlfAKUgUKQluXbI%2BnwBqkFuAFBXOGDPXo8LJ22FY9XQPy9lx1dFRiGAelJG4vk9QcbsuOzMKDw25yf8eW43eD1WPWvATB0mUYEw%3D%3D","environmentVariables":{"FIREBASE_CONFIG":"{\"projectId\":\"core-app-423c7\",\"databaseURL\":\"https://core-app-423c7-default-rtdb.europe-west1.firebasedatabase.app\",\"storageBucket\":\"core-app-423c7.firebasestorage.app\"}","GCLOUD_PROJECT":"core-app-423c7","EVENTARC_CLOUD_EVENT_SOURCE":"projects/core-app-423c7/locations/europe-west1/functions/checkBusinessCaseReminders"},"runtime":"nodejs20","buildId":"1152647a-40f1-4933-b783-ab7e75a7ee24","buildEnvironmentVariables":{"GOOGLE_NODE_RUN_SCRIPTS":""},"buildName":"projects/869167769685/locations/europe-west1/builds/1152647a-40f1-4933-b783-ab7e75a7ee24","dockerRegistry":"ARTIFACT_REGISTRY","automaticUpdatePolicy":{},"buildServiceAccount":"projects/core-app-423c7/serviceAccounts/869167769685-compute@developer.gserviceaccount.com"},"versionId":"39","updateTime":"2025-04-01T09:06:24Z"}}
[debug] [2025-04-01T09:06:24.936Z] Checked if tokens are valid: true, expires at: 1743501820162
[debug] [2025-04-01T09:06:24.936Z] Checked if tokens are valid: true, expires at: 1743501820162
[debug] [2025-04-01T09:06:24.936Z] >>> [apiv2][query] GET https://cloudfunctions.googleapis.com/v1/operations/Y29yZS1hcHAtNDIzYzcvZXVyb3BlLXdlc3QxL2NoZWNrQnVzaW5lc3NDYXNlUmVtaW5kZXJzL0FuaFVMamp1RkRv [none]
[debug] [2025-04-01T09:06:25.036Z] <<< [apiv2][status] GET https://cloudfunctions.googleapis.com/v1/operations/Y29yZS1hcHAtNDIzYzcvZXVyb3BlLXdlc3QxL2NoZWNrQnVzaW5lc3NDYXNlUmVtaW5kZXJzL0FuaFVMamp1RkRv 200
[debug] [2025-04-01T09:06:25.036Z] <<< [apiv2][body] GET https://cloudfunctions.googleapis.com/v1/operations/Y29yZS1hcHAtNDIzYzcvZXVyb3BlLXdlc3QxL2NoZWNrQnVzaW5lc3NDYXNlUmVtaW5kZXJzL0FuaFVMamp1RkRv {"name":"operations/Y29yZS1hcHAtNDIzYzcvZXVyb3BlLXdlc3QxL2NoZWNrQnVzaW5lc3NDYXNlUmVtaW5kZXJzL0FuaFVMamp1RkRv","metadata":{"@type":"type.googleapis.com/google.cloud.functions.v1.OperationMetadataV1","target":"projects/core-app-423c7/locations/europe-west1/functions/checkBusinessCaseReminders","type":"UPDATE_FUNCTION","request":{"@type":"type.googleapis.com/google.cloud.functions.v1.CloudFunction","name":"projects/core-app-423c7/locations/europe-west1/functions/checkBusinessCaseReminders","eventTrigger":{"eventType":"google.pubsub.topic.publish","resource":"projects/core-app-423c7/topics/firebase-schedule-checkBusinessCaseReminders-europe-west1","service":"pubsub.googleapis.com","failurePolicy":{}},"status":"ACTIVE","entryPoint":"checkBusinessCaseReminders","updateTime":"2025-04-01T08:34:19.461Z","versionId":"38","labels":{"deployment-tool":"cli-firebase","deployment-scheduled":"true","firebase-functions-hash":"2d8501ec521f6cd5d32aec15f227c55b49056558"},"sourceUploadUrl":"https://storage.googleapis.com/uploads-176395417328.europe-west1.cloudfunctions.appspot.com/297c7248-5758-4566-bc72-82bb90c02432.zip?GoogleAccessId=service-869167769685@gcf-admin-robot.iam.gserviceaccount.com&Expires=1743500183&Signature=N5cof3RkzBKFonqUNBeJvxiEdi%2BADR4S7RpBBs018ugsRgSoEgcc8NTz8O56Jvuq5inWqV9rIk1uGRorLZ9879NbpQF5Y%2FTnyVEwOuRAxkkdLFOIAZacDl8YGfsWY7mr3n8kSO8cy%2FIhtDCKSG96Ur9rw1mNnSMw2sxF%2F9yKw0o%2Fut%2FvYe9FOFxYflihdBKO9Ji05eqhVEtQoczPYKttGIphhz%2Be9B6iyRWtFesNNfccbXGhhAUIlfAKUgUKQluXbI%2BnwBqkFuAFBXOGDPXo8LJ22FY9XQPy9lx1dFRiGAelJG4vk9QcbsuOzMKDw25yf8eW43eD1WPWvATB0mUYEw%3D%3D","environmentVariables":{"FIREBASE_CONFIG":"{\"projectId\":\"core-app-423c7\",\"databaseURL\":\"https://core-app-423c7-default-rtdb.europe-west1.firebasedatabase.app\",\"storageBucket\":\"core-app-423c7.firebasestorage.app\"}","GCLOUD_PROJECT":"core-app-423c7","EVENTARC_CLOUD_EVENT_SOURCE":"projects/core-app-423c7/locations/europe-west1/functions/checkBusinessCaseReminders"},"runtime":"nodejs20","buildId":"1152647a-40f1-4933-b783-ab7e75a7ee24","buildEnvironmentVariables":{"GOOGLE_NODE_RUN_SCRIPTS":""},"buildName":"projects/869167769685/locations/europe-west1/builds/1152647a-40f1-4933-b783-ab7e75a7ee24","dockerRegistry":"ARTIFACT_REGISTRY","automaticUpdatePolicy":{},"buildServiceAccount":"projects/core-app-423c7/serviceAccounts/869167769685-compute@developer.gserviceaccount.com"},"versionId":"39","updateTime":"2025-04-01T09:06:24Z"}}
[debug] [2025-04-01T09:06:25.538Z] [update-default-europe-west1-checkBusinessCaseReminders] Retrying task index 0
[debug] [2025-04-01T09:06:25.538Z] Checked if tokens are valid: true, expires at: 1743501820162
[debug] [2025-04-01T09:06:25.538Z] Checked if tokens are valid: true, expires at: 1743501820162
[debug] [2025-04-01T09:06:25.538Z] >>> [apiv2][query] GET https://cloudfunctions.googleapis.com/v1/operations/Y29yZS1hcHAtNDIzYzcvZXVyb3BlLXdlc3QxL2NoZWNrQnVzaW5lc3NDYXNlUmVtaW5kZXJzL0FuaFVMamp1RkRv [none]
[debug] [2025-04-01T09:06:25.622Z] <<< [apiv2][status] GET https://cloudfunctions.googleapis.com/v1/operations/Y29yZS1hcHAtNDIzYzcvZXVyb3BlLXdlc3QxL2NoZWNrQnVzaW5lc3NDYXNlUmVtaW5kZXJzL0FuaFVMamp1RkRv 200
[debug] [2025-04-01T09:06:25.622Z] <<< [apiv2][body] GET https://cloudfunctions.googleapis.com/v1/operations/Y29yZS1hcHAtNDIzYzcvZXVyb3BlLXdlc3QxL2NoZWNrQnVzaW5lc3NDYXNlUmVtaW5kZXJzL0FuaFVMamp1RkRv {"name":"operations/Y29yZS1hcHAtNDIzYzcvZXVyb3BlLXdlc3QxL2NoZWNrQnVzaW5lc3NDYXNlUmVtaW5kZXJzL0FuaFVMamp1RkRv","metadata":{"@type":"type.googleapis.com/google.cloud.functions.v1.OperationMetadataV1","target":"projects/core-app-423c7/locations/europe-west1/functions/checkBusinessCaseReminders","type":"UPDATE_FUNCTION","request":{"@type":"type.googleapis.com/google.cloud.functions.v1.CloudFunction","name":"projects/core-app-423c7/locations/europe-west1/functions/checkBusinessCaseReminders","eventTrigger":{"eventType":"google.pubsub.topic.publish","resource":"projects/core-app-423c7/topics/firebase-schedule-checkBusinessCaseReminders-europe-west1","service":"pubsub.googleapis.com","failurePolicy":{}},"status":"ACTIVE","entryPoint":"checkBusinessCaseReminders","updateTime":"2025-04-01T08:34:19.461Z","versionId":"38","labels":{"deployment-tool":"cli-firebase","deployment-scheduled":"true","firebase-functions-hash":"2d8501ec521f6cd5d32aec15f227c55b49056558"},"sourceUploadUrl":"https://storage.googleapis.com/uploads-176395417328.europe-west1.cloudfunctions.appspot.com/297c7248-5758-4566-bc72-82bb90c02432.zip?GoogleAccessId=service-869167769685@gcf-admin-robot.iam.gserviceaccount.com&Expires=1743500183&Signature=N5cof3RkzBKFonqUNBeJvxiEdi%2BADR4S7RpBBs018ugsRgSoEgcc8NTz8O56Jvuq5inWqV9rIk1uGRorLZ9879NbpQF5Y%2FTnyVEwOuRAxkkdLFOIAZacDl8YGfsWY7mr3n8kSO8cy%2FIhtDCKSG96Ur9rw1mNnSMw2sxF%2F9yKw0o%2Fut%2FvYe9FOFxYflihdBKO9Ji05eqhVEtQoczPYKttGIphhz%2Be9B6iyRWtFesNNfccbXGhhAUIlfAKUgUKQluXbI%2BnwBqkFuAFBXOGDPXo8LJ22FY9XQPy9lx1dFRiGAelJG4vk9QcbsuOzMKDw25yf8eW43eD1WPWvATB0mUYEw%3D%3D","environmentVariables":{"FIREBASE_CONFIG":"{\"projectId\":\"core-app-423c7\",\"databaseURL\":\"https://core-app-423c7-default-rtdb.europe-west1.firebasedatabase.app\",\"storageBucket\":\"core-app-423c7.firebasestorage.app\"}","GCLOUD_PROJECT":"core-app-423c7","EVENTARC_CLOUD_EVENT_SOURCE":"projects/core-app-423c7/locations/europe-west1/functions/checkBusinessCaseReminders"},"runtime":"nodejs20","buildId":"1152647a-40f1-4933-b783-ab7e75a7ee24","buildEnvironmentVariables":{"GOOGLE_NODE_RUN_SCRIPTS":""},"buildName":"projects/869167769685/locations/europe-west1/builds/1152647a-40f1-4933-b783-ab7e75a7ee24","dockerRegistry":"ARTIFACT_REGISTRY","automaticUpdatePolicy":{},"buildServiceAccount":"projects/core-app-423c7/serviceAccounts/869167769685-compute@developer.gserviceaccount.com"},"versionId":"39","updateTime":"2025-04-01T09:06:25Z"}}
[debug] [2025-04-01T09:06:26.623Z] [update-default-europe-west1-checkBusinessCaseReminders] Retrying task index 0
[debug] [2025-04-01T09:06:26.623Z] Checked if tokens are valid: true, expires at: 1743501820162
[debug] [2025-04-01T09:06:26.623Z] Checked if tokens are valid: true, expires at: 1743501820162
[debug] [2025-04-01T09:06:26.623Z] >>> [apiv2][query] GET https://cloudfunctions.googleapis.com/v1/operations/Y29yZS1hcHAtNDIzYzcvZXVyb3BlLXdlc3QxL2NoZWNrQnVzaW5lc3NDYXNlUmVtaW5kZXJzL0FuaFVMamp1RkRv [none]
[debug] [2025-04-01T09:06:26.697Z] <<< [apiv2][status] GET https://cloudfunctions.googleapis.com/v1/operations/Y29yZS1hcHAtNDIzYzcvZXVyb3BlLXdlc3QxL2NoZWNrQnVzaW5lc3NDYXNlUmVtaW5kZXJzL0FuaFVMamp1RkRv 200
[debug] [2025-04-01T09:06:26.697Z] <<< [apiv2][body] GET https://cloudfunctions.googleapis.com/v1/operations/Y29yZS1hcHAtNDIzYzcvZXVyb3BlLXdlc3QxL2NoZWNrQnVzaW5lc3NDYXNlUmVtaW5kZXJzL0FuaFVMamp1RkRv {"name":"operations/Y29yZS1hcHAtNDIzYzcvZXVyb3BlLXdlc3QxL2NoZWNrQnVzaW5lc3NDYXNlUmVtaW5kZXJzL0FuaFVMamp1RkRv","metadata":{"@type":"type.googleapis.com/google.cloud.functions.v1.OperationMetadataV1","target":"projects/core-app-423c7/locations/europe-west1/functions/checkBusinessCaseReminders","type":"UPDATE_FUNCTION","request":{"@type":"type.googleapis.com/google.cloud.functions.v1.CloudFunction","name":"projects/core-app-423c7/locations/europe-west1/functions/checkBusinessCaseReminders","eventTrigger":{"eventType":"google.pubsub.topic.publish","resource":"projects/core-app-423c7/topics/firebase-schedule-checkBusinessCaseReminders-europe-west1","service":"pubsub.googleapis.com","failurePolicy":{}},"status":"ACTIVE","entryPoint":"checkBusinessCaseReminders","updateTime":"2025-04-01T08:34:19.461Z","versionId":"38","labels":{"deployment-tool":"cli-firebase","deployment-scheduled":"true","firebase-functions-hash":"2d8501ec521f6cd5d32aec15f227c55b49056558"},"sourceUploadUrl":"https://storage.googleapis.com/uploads-176395417328.europe-west1.cloudfunctions.appspot.com/297c7248-5758-4566-bc72-82bb90c02432.zip?GoogleAccessId=service-869167769685@gcf-admin-robot.iam.gserviceaccount.com&Expires=1743500183&Signature=N5cof3RkzBKFonqUNBeJvxiEdi%2BADR4S7RpBBs018ugsRgSoEgcc8NTz8O56Jvuq5inWqV9rIk1uGRorLZ9879NbpQF5Y%2FTnyVEwOuRAxkkdLFOIAZacDl8YGfsWY7mr3n8kSO8cy%2FIhtDCKSG96Ur9rw1mNnSMw2sxF%2F9yKw0o%2Fut%2FvYe9FOFxYflihdBKO9Ji05eqhVEtQoczPYKttGIphhz%2Be9B6iyRWtFesNNfccbXGhhAUIlfAKUgUKQluXbI%2BnwBqkFuAFBXOGDPXo8LJ22FY9XQPy9lx1dFRiGAelJG4vk9QcbsuOzMKDw25yf8eW43eD1WPWvATB0mUYEw%3D%3D","environmentVariables":{"FIREBASE_CONFIG":"{\"projectId\":\"core-app-423c7\",\"databaseURL\":\"https://core-app-423c7-default-rtdb.europe-west1.firebasedatabase.app\",\"storageBucket\":\"core-app-423c7.firebasestorage.app\"}","GCLOUD_PROJECT":"core-app-423c7","EVENTARC_CLOUD_EVENT_SOURCE":"projects/core-app-423c7/locations/europe-west1/functions/checkBusinessCaseReminders"},"runtime":"nodejs20","buildId":"1152647a-40f1-4933-b783-ab7e75a7ee24","buildEnvironmentVariables":{"GOOGLE_NODE_RUN_SCRIPTS":""},"buildName":"projects/869167769685/locations/europe-west1/builds/1152647a-40f1-4933-b783-ab7e75a7ee24","dockerRegistry":"ARTIFACT_REGISTRY","automaticUpdatePolicy":{},"buildServiceAccount":"projects/core-app-423c7/serviceAccounts/869167769685-compute@developer.gserviceaccount.com"},"versionId":"39","updateTime":"2025-04-01T09:06:25Z","buildId":"878c5c37-2156-492d-93a4-17a2314a87cb","buildName":"projects/869167769685/locations/europe-west1/builds/878c5c37-2156-492d-93a4-17a2314a87cb"}}
[debug] [2025-04-01T09:06:28.698Z] [update-default-europe-west1-checkBusinessCaseReminders] Retrying task index 0
[debug] [2025-04-01T09:06:28.698Z] Checked if tokens are valid: true, expires at: 1743501820162
[debug] [2025-04-01T09:06:28.698Z] Checked if tokens are valid: true, expires at: 1743501820162
[debug] [2025-04-01T09:06:28.698Z] >>> [apiv2][query] GET https://cloudfunctions.googleapis.com/v1/operations/Y29yZS1hcHAtNDIzYzcvZXVyb3BlLXdlc3QxL2NoZWNrQnVzaW5lc3NDYXNlUmVtaW5kZXJzL0FuaFVMamp1RkRv [none]
[debug] [2025-04-01T09:06:28.770Z] <<< [apiv2][status] GET https://cloudfunctions.googleapis.com/v1/operations/Y29yZS1hcHAtNDIzYzcvZXVyb3BlLXdlc3QxL2NoZWNrQnVzaW5lc3NDYXNlUmVtaW5kZXJzL0FuaFVMamp1RkRv 200
[debug] [2025-04-01T09:06:28.770Z] <<< [apiv2][body] GET https://cloudfunctions.googleapis.com/v1/operations/Y29yZS1hcHAtNDIzYzcvZXVyb3BlLXdlc3QxL2NoZWNrQnVzaW5lc3NDYXNlUmVtaW5kZXJzL0FuaFVMamp1RkRv {"name":"operations/Y29yZS1hcHAtNDIzYzcvZXVyb3BlLXdlc3QxL2NoZWNrQnVzaW5lc3NDYXNlUmVtaW5kZXJzL0FuaFVMamp1RkRv","metadata":{"@type":"type.googleapis.com/google.cloud.functions.v1.OperationMetadataV1","target":"projects/core-app-423c7/locations/europe-west1/functions/checkBusinessCaseReminders","type":"UPDATE_FUNCTION","request":{"@type":"type.googleapis.com/google.cloud.functions.v1.CloudFunction","name":"projects/core-app-423c7/locations/europe-west1/functions/checkBusinessCaseReminders","eventTrigger":{"eventType":"google.pubsub.topic.publish","resource":"projects/core-app-423c7/topics/firebase-schedule-checkBusinessCaseReminders-europe-west1","service":"pubsub.googleapis.com","failurePolicy":{}},"status":"ACTIVE","entryPoint":"checkBusinessCaseReminders","updateTime":"2025-04-01T08:34:19.461Z","versionId":"38","labels":{"deployment-tool":"cli-firebase","deployment-scheduled":"true","firebase-functions-hash":"2d8501ec521f6cd5d32aec15f227c55b49056558"},"sourceUploadUrl":"https://storage.googleapis.com/uploads-176395417328.europe-west1.cloudfunctions.appspot.com/297c7248-5758-4566-bc72-82bb90c02432.zip?GoogleAccessId=service-869167769685@gcf-admin-robot.iam.gserviceaccount.com&Expires=1743500183&Signature=N5cof3RkzBKFonqUNBeJvxiEdi%2BADR4S7RpBBs018ugsRgSoEgcc8NTz8O56Jvuq5inWqV9rIk1uGRorLZ9879NbpQF5Y%2FTnyVEwOuRAxkkdLFOIAZacDl8YGfsWY7mr3n8kSO8cy%2FIhtDCKSG96Ur9rw1mNnSMw2sxF%2F9yKw0o%2Fut%2FvYe9FOFxYflihdBKO9Ji05eqhVEtQoczPYKttGIphhz%2Be9B6iyRWtFesNNfccbXGhhAUIlfAKUgUKQluXbI%2BnwBqkFuAFBXOGDPXo8LJ22FY9XQPy9lx1dFRiGAelJG4vk9QcbsuOzMKDw25yf8eW43eD1WPWvATB0mUYEw%3D%3D","environmentVariables":{"FIREBASE_CONFIG":"{\"projectId\":\"core-app-423c7\",\"databaseURL\":\"https://core-app-423c7-default-rtdb.europe-west1.firebasedatabase.app\",\"storageBucket\":\"core-app-423c7.firebasestorage.app\"}","GCLOUD_PROJECT":"core-app-423c7","EVENTARC_CLOUD_EVENT_SOURCE":"projects/core-app-423c7/locations/europe-west1/functions/checkBusinessCaseReminders"},"runtime":"nodejs20","buildId":"1152647a-40f1-4933-b783-ab7e75a7ee24","buildEnvironmentVariables":{"GOOGLE_NODE_RUN_SCRIPTS":""},"buildName":"projects/869167769685/locations/europe-west1/builds/1152647a-40f1-4933-b783-ab7e75a7ee24","dockerRegistry":"ARTIFACT_REGISTRY","automaticUpdatePolicy":{},"buildServiceAccount":"projects/core-app-423c7/serviceAccounts/869167769685-compute@developer.gserviceaccount.com"},"versionId":"39","updateTime":"2025-04-01T09:06:25Z","buildId":"878c5c37-2156-492d-93a4-17a2314a87cb","buildName":"projects/869167769685/locations/europe-west1/builds/878c5c37-2156-492d-93a4-17a2314a87cb"}}
[debug] [2025-04-01T09:06:32.772Z] [update-default-europe-west1-checkBusinessCaseReminders] Retrying task index 0
[debug] [2025-04-01T09:06:32.772Z] Checked if tokens are valid: true, expires at: 1743501820162
[debug] [2025-04-01T09:06:32.772Z] Checked if tokens are valid: true, expires at: 1743501820162
[debug] [2025-04-01T09:06:32.772Z] >>> [apiv2][query] GET https://cloudfunctions.googleapis.com/v1/operations/Y29yZS1hcHAtNDIzYzcvZXVyb3BlLXdlc3QxL2NoZWNrQnVzaW5lc3NDYXNlUmVtaW5kZXJzL0FuaFVMamp1RkRv [none]
[debug] [2025-04-01T09:06:32.926Z] <<< [apiv2][status] GET https://cloudfunctions.googleapis.com/v1/operations/Y29yZS1hcHAtNDIzYzcvZXVyb3BlLXdlc3QxL2NoZWNrQnVzaW5lc3NDYXNlUmVtaW5kZXJzL0FuaFVMamp1RkRv 200
[debug] [2025-04-01T09:06:32.926Z] <<< [apiv2][body] GET https://cloudfunctions.googleapis.com/v1/operations/Y29yZS1hcHAtNDIzYzcvZXVyb3BlLXdlc3QxL2NoZWNrQnVzaW5lc3NDYXNlUmVtaW5kZXJzL0FuaFVMamp1RkRv {"name":"operations/Y29yZS1hcHAtNDIzYzcvZXVyb3BlLXdlc3QxL2NoZWNrQnVzaW5lc3NDYXNlUmVtaW5kZXJzL0FuaFVMamp1RkRv","metadata":{"@type":"type.googleapis.com/google.cloud.functions.v1.OperationMetadataV1","target":"projects/core-app-423c7/locations/europe-west1/functions/checkBusinessCaseReminders","type":"UPDATE_FUNCTION","request":{"@type":"type.googleapis.com/google.cloud.functions.v1.CloudFunction","name":"projects/core-app-423c7/locations/europe-west1/functions/checkBusinessCaseReminders","eventTrigger":{"eventType":"google.pubsub.topic.publish","resource":"projects/core-app-423c7/topics/firebase-schedule-checkBusinessCaseReminders-europe-west1","service":"pubsub.googleapis.com","failurePolicy":{}},"status":"ACTIVE","entryPoint":"checkBusinessCaseReminders","updateTime":"2025-04-01T08:34:19.461Z","versionId":"38","labels":{"deployment-tool":"cli-firebase","deployment-scheduled":"true","firebase-functions-hash":"2d8501ec521f6cd5d32aec15f227c55b49056558"},"sourceUploadUrl":"https://storage.googleapis.com/uploads-176395417328.europe-west1.cloudfunctions.appspot.com/297c7248-5758-4566-bc72-82bb90c02432.zip?GoogleAccessId=service-869167769685@gcf-admin-robot.iam.gserviceaccount.com&Expires=1743500183&Signature=N5cof3RkzBKFonqUNBeJvxiEdi%2BADR4S7RpBBs018ugsRgSoEgcc8NTz8O56Jvuq5inWqV9rIk1uGRorLZ9879NbpQF5Y%2FTnyVEwOuRAxkkdLFOIAZacDl8YGfsWY7mr3n8kSO8cy%2FIhtDCKSG96Ur9rw1mNnSMw2sxF%2F9yKw0o%2Fut%2FvYe9FOFxYflihdBKO9Ji05eqhVEtQoczPYKttGIphhz%2Be9B6iyRWtFesNNfccbXGhhAUIlfAKUgUKQluXbI%2BnwBqkFuAFBXOGDPXo8LJ22FY9XQPy9lx1dFRiGAelJG4vk9QcbsuOzMKDw25yf8eW43eD1WPWvATB0mUYEw%3D%3D","environmentVariables":{"FIREBASE_CONFIG":"{\"projectId\":\"core-app-423c7\",\"databaseURL\":\"https://core-app-423c7-default-rtdb.europe-west1.firebasedatabase.app\",\"storageBucket\":\"core-app-423c7.firebasestorage.app\"}","GCLOUD_PROJECT":"core-app-423c7","EVENTARC_CLOUD_EVENT_SOURCE":"projects/core-app-423c7/locations/europe-west1/functions/checkBusinessCaseReminders"},"runtime":"nodejs20","buildId":"1152647a-40f1-4933-b783-ab7e75a7ee24","buildEnvironmentVariables":{"GOOGLE_NODE_RUN_SCRIPTS":""},"buildName":"projects/869167769685/locations/europe-west1/builds/1152647a-40f1-4933-b783-ab7e75a7ee24","dockerRegistry":"ARTIFACT_REGISTRY","automaticUpdatePolicy":{},"buildServiceAccount":"projects/core-app-423c7/serviceAccounts/869167769685-compute@developer.gserviceaccount.com"},"versionId":"39","updateTime":"2025-04-01T09:06:25Z","buildId":"878c5c37-2156-492d-93a4-17a2314a87cb","buildName":"projects/869167769685/locations/europe-west1/builds/878c5c37-2156-492d-93a4-17a2314a87cb"}}
[debug] [2025-04-01T09:06:40.926Z] [update-default-europe-west1-checkBusinessCaseReminders] Retrying task index 0
[debug] [2025-04-01T09:06:40.927Z] Checked if tokens are valid: true, expires at: 1743501820162
[debug] [2025-04-01T09:06:40.927Z] Checked if tokens are valid: true, expires at: 1743501820162
[debug] [2025-04-01T09:06:40.927Z] >>> [apiv2][query] GET https://cloudfunctions.googleapis.com/v1/operations/Y29yZS1hcHAtNDIzYzcvZXVyb3BlLXdlc3QxL2NoZWNrQnVzaW5lc3NDYXNlUmVtaW5kZXJzL0FuaFVMamp1RkRv [none]
[debug] [2025-04-01T09:06:41.029Z] <<< [apiv2][status] GET https://cloudfunctions.googleapis.com/v1/operations/Y29yZS1hcHAtNDIzYzcvZXVyb3BlLXdlc3QxL2NoZWNrQnVzaW5lc3NDYXNlUmVtaW5kZXJzL0FuaFVMamp1RkRv 200
[debug] [2025-04-01T09:06:41.029Z] <<< [apiv2][body] GET https://cloudfunctions.googleapis.com/v1/operations/Y29yZS1hcHAtNDIzYzcvZXVyb3BlLXdlc3QxL2NoZWNrQnVzaW5lc3NDYXNlUmVtaW5kZXJzL0FuaFVMamp1RkRv {"name":"operations/Y29yZS1hcHAtNDIzYzcvZXVyb3BlLXdlc3QxL2NoZWNrQnVzaW5lc3NDYXNlUmVtaW5kZXJzL0FuaFVMamp1RkRv","metadata":{"@type":"type.googleapis.com/google.cloud.functions.v1.OperationMetadataV1","target":"projects/core-app-423c7/locations/europe-west1/functions/checkBusinessCaseReminders","type":"UPDATE_FUNCTION","request":{"@type":"type.googleapis.com/google.cloud.functions.v1.CloudFunction","name":"projects/core-app-423c7/locations/europe-west1/functions/checkBusinessCaseReminders","eventTrigger":{"eventType":"google.pubsub.topic.publish","resource":"projects/core-app-423c7/topics/firebase-schedule-checkBusinessCaseReminders-europe-west1","service":"pubsub.googleapis.com","failurePolicy":{}},"status":"ACTIVE","entryPoint":"checkBusinessCaseReminders","updateTime":"2025-04-01T08:34:19.461Z","versionId":"38","labels":{"deployment-tool":"cli-firebase","deployment-scheduled":"true","firebase-functions-hash":"2d8501ec521f6cd5d32aec15f227c55b49056558"},"sourceUploadUrl":"https://storage.googleapis.com/uploads-176395417328.europe-west1.cloudfunctions.appspot.com/297c7248-5758-4566-bc72-82bb90c02432.zip?GoogleAccessId=service-869167769685@gcf-admin-robot.iam.gserviceaccount.com&Expires=1743500183&Signature=N5cof3RkzBKFonqUNBeJvxiEdi%2BADR4S7RpBBs018ugsRgSoEgcc8NTz8O56Jvuq5inWqV9rIk1uGRorLZ9879NbpQF5Y%2FTnyVEwOuRAxkkdLFOIAZacDl8YGfsWY7mr3n8kSO8cy%2FIhtDCKSG96Ur9rw1mNnSMw2sxF%2F9yKw0o%2Fut%2FvYe9FOFxYflihdBKO9Ji05eqhVEtQoczPYKttGIphhz%2Be9B6iyRWtFesNNfccbXGhhAUIlfAKUgUKQluXbI%2BnwBqkFuAFBXOGDPXo8LJ22FY9XQPy9lx1dFRiGAelJG4vk9QcbsuOzMKDw25yf8eW43eD1WPWvATB0mUYEw%3D%3D","environmentVariables":{"FIREBASE_CONFIG":"{\"projectId\":\"core-app-423c7\",\"databaseURL\":\"https://core-app-423c7-default-rtdb.europe-west1.firebasedatabase.app\",\"storageBucket\":\"core-app-423c7.firebasestorage.app\"}","GCLOUD_PROJECT":"core-app-423c7","EVENTARC_CLOUD_EVENT_SOURCE":"projects/core-app-423c7/locations/europe-west1/functions/checkBusinessCaseReminders"},"runtime":"nodejs20","buildId":"1152647a-40f1-4933-b783-ab7e75a7ee24","buildEnvironmentVariables":{"GOOGLE_NODE_RUN_SCRIPTS":""},"buildName":"projects/869167769685/locations/europe-west1/builds/1152647a-40f1-4933-b783-ab7e75a7ee24","dockerRegistry":"ARTIFACT_REGISTRY","automaticUpdatePolicy":{},"buildServiceAccount":"projects/core-app-423c7/serviceAccounts/869167769685-compute@developer.gserviceaccount.com"},"versionId":"39","updateTime":"2025-04-01T09:06:25Z","buildId":"878c5c37-2156-492d-93a4-17a2314a87cb","buildName":"projects/869167769685/locations/europe-west1/builds/878c5c37-2156-492d-93a4-17a2314a87cb"}}
[debug] [2025-04-01T09:06:51.030Z] [update-default-europe-west1-checkBusinessCaseReminders] Retrying task index 0
[debug] [2025-04-01T09:06:51.031Z] Checked if tokens are valid: true, expires at: 1743501820162
[debug] [2025-04-01T09:06:51.031Z] Checked if tokens are valid: true, expires at: 1743501820162
[debug] [2025-04-01T09:06:51.031Z] >>> [apiv2][query] GET https://cloudfunctions.googleapis.com/v1/operations/Y29yZS1hcHAtNDIzYzcvZXVyb3BlLXdlc3QxL2NoZWNrQnVzaW5lc3NDYXNlUmVtaW5kZXJzL0FuaFVMamp1RkRv [none]
[debug] [2025-04-01T09:06:51.136Z] <<< [apiv2][status] GET https://cloudfunctions.googleapis.com/v1/operations/Y29yZS1hcHAtNDIzYzcvZXVyb3BlLXdlc3QxL2NoZWNrQnVzaW5lc3NDYXNlUmVtaW5kZXJzL0FuaFVMamp1RkRv 200
[debug] [2025-04-01T09:06:51.136Z] <<< [apiv2][body] GET https://cloudfunctions.googleapis.com/v1/operations/Y29yZS1hcHAtNDIzYzcvZXVyb3BlLXdlc3QxL2NoZWNrQnVzaW5lc3NDYXNlUmVtaW5kZXJzL0FuaFVMamp1RkRv {"name":"operations/Y29yZS1hcHAtNDIzYzcvZXVyb3BlLXdlc3QxL2NoZWNrQnVzaW5lc3NDYXNlUmVtaW5kZXJzL0FuaFVMamp1RkRv","metadata":{"@type":"type.googleapis.com/google.cloud.functions.v1.OperationMetadataV1","target":"projects/core-app-423c7/locations/europe-west1/functions/checkBusinessCaseReminders","type":"UPDATE_FUNCTION","request":{"@type":"type.googleapis.com/google.cloud.functions.v1.CloudFunction","name":"projects/core-app-423c7/locations/europe-west1/functions/checkBusinessCaseReminders","eventTrigger":{"eventType":"google.pubsub.topic.publish","resource":"projects/core-app-423c7/topics/firebase-schedule-checkBusinessCaseReminders-europe-west1","service":"pubsub.googleapis.com","failurePolicy":{}},"status":"ACTIVE","entryPoint":"checkBusinessCaseReminders","updateTime":"2025-04-01T08:34:19.461Z","versionId":"38","labels":{"deployment-tool":"cli-firebase","deployment-scheduled":"true","firebase-functions-hash":"2d8501ec521f6cd5d32aec15f227c55b49056558"},"sourceUploadUrl":"https://storage.googleapis.com/uploads-176395417328.europe-west1.cloudfunctions.appspot.com/297c7248-5758-4566-bc72-82bb90c02432.zip?GoogleAccessId=service-869167769685@gcf-admin-robot.iam.gserviceaccount.com&Expires=1743500183&Signature=N5cof3RkzBKFonqUNBeJvxiEdi%2BADR4S7RpBBs018ugsRgSoEgcc8NTz8O56Jvuq5inWqV9rIk1uGRorLZ9879NbpQF5Y%2FTnyVEwOuRAxkkdLFOIAZacDl8YGfsWY7mr3n8kSO8cy%2FIhtDCKSG96Ur9rw1mNnSMw2sxF%2F9yKw0o%2Fut%2FvYe9FOFxYflihdBKO9Ji05eqhVEtQoczPYKttGIphhz%2Be9B6iyRWtFesNNfccbXGhhAUIlfAKUgUKQluXbI%2BnwBqkFuAFBXOGDPXo8LJ22FY9XQPy9lx1dFRiGAelJG4vk9QcbsuOzMKDw25yf8eW43eD1WPWvATB0mUYEw%3D%3D","environmentVariables":{"FIREBASE_CONFIG":"{\"projectId\":\"core-app-423c7\",\"databaseURL\":\"https://core-app-423c7-default-rtdb.europe-west1.firebasedatabase.app\",\"storageBucket\":\"core-app-423c7.firebasestorage.app\"}","GCLOUD_PROJECT":"core-app-423c7","EVENTARC_CLOUD_EVENT_SOURCE":"projects/core-app-423c7/locations/europe-west1/functions/checkBusinessCaseReminders"},"runtime":"nodejs20","buildId":"1152647a-40f1-4933-b783-ab7e75a7ee24","buildEnvironmentVariables":{"GOOGLE_NODE_RUN_SCRIPTS":""},"buildName":"projects/869167769685/locations/europe-west1/builds/1152647a-40f1-4933-b783-ab7e75a7ee24","dockerRegistry":"ARTIFACT_REGISTRY","automaticUpdatePolicy":{},"buildServiceAccount":"projects/core-app-423c7/serviceAccounts/869167769685-compute@developer.gserviceaccount.com"},"versionId":"39","updateTime":"2025-04-01T09:06:25Z","buildId":"878c5c37-2156-492d-93a4-17a2314a87cb","buildName":"projects/869167769685/locations/europe-west1/builds/878c5c37-2156-492d-93a4-17a2314a87cb"}}
[debug] [2025-04-01T09:07:01.137Z] [update-default-europe-west1-checkBusinessCaseReminders] Retrying task index 0
[debug] [2025-04-01T09:07:01.138Z] Checked if tokens are valid: true, expires at: 1743501820162
[debug] [2025-04-01T09:07:01.138Z] Checked if tokens are valid: true, expires at: 1743501820162
[debug] [2025-04-01T09:07:01.138Z] >>> [apiv2][query] GET https://cloudfunctions.googleapis.com/v1/operations/Y29yZS1hcHAtNDIzYzcvZXVyb3BlLXdlc3QxL2NoZWNrQnVzaW5lc3NDYXNlUmVtaW5kZXJzL0FuaFVMamp1RkRv [none]
[debug] [2025-04-01T09:07:01.244Z] <<< [apiv2][status] GET https://cloudfunctions.googleapis.com/v1/operations/Y29yZS1hcHAtNDIzYzcvZXVyb3BlLXdlc3QxL2NoZWNrQnVzaW5lc3NDYXNlUmVtaW5kZXJzL0FuaFVMamp1RkRv 200
[debug] [2025-04-01T09:07:01.244Z] <<< [apiv2][body] GET https://cloudfunctions.googleapis.com/v1/operations/Y29yZS1hcHAtNDIzYzcvZXVyb3BlLXdlc3QxL2NoZWNrQnVzaW5lc3NDYXNlUmVtaW5kZXJzL0FuaFVMamp1RkRv {"name":"operations/Y29yZS1hcHAtNDIzYzcvZXVyb3BlLXdlc3QxL2NoZWNrQnVzaW5lc3NDYXNlUmVtaW5kZXJzL0FuaFVMamp1RkRv","metadata":{"@type":"type.googleapis.com/google.cloud.functions.v1.OperationMetadataV1","target":"projects/core-app-423c7/locations/europe-west1/functions/checkBusinessCaseReminders","type":"UPDATE_FUNCTION","request":{"@type":"type.googleapis.com/google.cloud.functions.v1.CloudFunction","name":"projects/core-app-423c7/locations/europe-west1/functions/checkBusinessCaseReminders","eventTrigger":{"eventType":"google.pubsub.topic.publish","resource":"projects/core-app-423c7/topics/firebase-schedule-checkBusinessCaseReminders-europe-west1","service":"pubsub.googleapis.com","failurePolicy":{}},"status":"ACTIVE","entryPoint":"checkBusinessCaseReminders","updateTime":"2025-04-01T08:34:19.461Z","versionId":"38","labels":{"deployment-tool":"cli-firebase","deployment-scheduled":"true","firebase-functions-hash":"2d8501ec521f6cd5d32aec15f227c55b49056558"},"sourceUploadUrl":"https://storage.googleapis.com/uploads-176395417328.europe-west1.cloudfunctions.appspot.com/297c7248-5758-4566-bc72-82bb90c02432.zip?GoogleAccessId=service-869167769685@gcf-admin-robot.iam.gserviceaccount.com&Expires=1743500183&Signature=N5cof3RkzBKFonqUNBeJvxiEdi%2BADR4S7RpBBs018ugsRgSoEgcc8NTz8O56Jvuq5inWqV9rIk1uGRorLZ9879NbpQF5Y%2FTnyVEwOuRAxkkdLFOIAZacDl8YGfsWY7mr3n8kSO8cy%2FIhtDCKSG96Ur9rw1mNnSMw2sxF%2F9yKw0o%2Fut%2FvYe9FOFxYflihdBKO9Ji05eqhVEtQoczPYKttGIphhz%2Be9B6iyRWtFesNNfccbXGhhAUIlfAKUgUKQluXbI%2BnwBqkFuAFBXOGDPXo8LJ22FY9XQPy9lx1dFRiGAelJG4vk9QcbsuOzMKDw25yf8eW43eD1WPWvATB0mUYEw%3D%3D","environmentVariables":{"FIREBASE_CONFIG":"{\"projectId\":\"core-app-423c7\",\"databaseURL\":\"https://core-app-423c7-default-rtdb.europe-west1.firebasedatabase.app\",\"storageBucket\":\"core-app-423c7.firebasestorage.app\"}","GCLOUD_PROJECT":"core-app-423c7","EVENTARC_CLOUD_EVENT_SOURCE":"projects/core-app-423c7/locations/europe-west1/functions/checkBusinessCaseReminders"},"runtime":"nodejs20","buildId":"1152647a-40f1-4933-b783-ab7e75a7ee24","buildEnvironmentVariables":{"GOOGLE_NODE_RUN_SCRIPTS":""},"buildName":"projects/869167769685/locations/europe-west1/builds/1152647a-40f1-4933-b783-ab7e75a7ee24","dockerRegistry":"ARTIFACT_REGISTRY","automaticUpdatePolicy":{},"buildServiceAccount":"projects/core-app-423c7/serviceAccounts/869167769685-compute@developer.gserviceaccount.com"},"versionId":"39","updateTime":"2025-04-01T09:06:25Z","buildId":"878c5c37-2156-492d-93a4-17a2314a87cb","buildName":"projects/869167769685/locations/europe-west1/builds/878c5c37-2156-492d-93a4-17a2314a87cb"}}
